{
  "/home/daniel/Documentos/aulas/react/em2horas/src/components/InputTasks.tsx": {
    "path": "/home/daniel/Documentos/aulas/react/em2horas/src/components/InputTasks.tsx",
    "statementMap": {
      "0": {
        "start": {
          "line": 3,
          "column": 20
        },
        "end": {
          "line": 3,
          "column": 97
        }
      },
      "1": {
        "start": {
          "line": 6,
          "column": 0
        },
        "end": {
          "line": 16,
          "column": 1
        }
      },
      "2": {
        "start": {
          "line": 7,
          "column": 2
        },
        "end": {
          "line": 11,
          "column": 3
        }
      },
      "3": {
        "start": {
          "line": 8,
          "column": 4
        },
        "end": {
          "line": 10,
          "column": 6
        }
      },
      "4": {
        "start": {
          "line": 12,
          "column": 2
        },
        "end": {
          "line": 12,
          "column": 39
        }
      },
      "5": {
        "start": {
          "line": 13,
          "column": 2
        },
        "end": {
          "line": 13,
          "column": 39
        }
      },
      "6": {
        "start": {
          "line": 14,
          "column": 2
        },
        "end": {
          "line": 14,
          "column": 131
        }
      },
      "7": {
        "start": {
          "line": 15,
          "column": 2
        },
        "end": {
          "line": 15,
          "column": 75
        }
      },
      "8": {
        "start": {
          "line": 17,
          "column": 19
        },
        "end": {
          "line": 23,
          "column": 1
        }
      },
      "9": {
        "start": {
          "line": 18,
          "column": 2
        },
        "end": {
          "line": 22,
          "column": 11
        }
      },
      "10": {
        "start": {
          "line": 24,
          "column": 0
        },
        "end": {
          "line": 24,
          "column": 16
        }
      },
      "11": {
        "start": {
          "line": 27,
          "column": 0
        },
        "end": {
          "line": 27,
          "column": 31
        }
      },
      "12": {
        "start": {
          "line": 28,
          "column": 0
        },
        "end": {
          "line": 31,
          "column": 1
        }
      },
      "13": {
        "start": {
          "line": 29,
          "column": 2
        },
        "end": {
          "line": 29,
          "column": 39
        }
      },
      "14": {
        "start": {
          "line": 30,
          "column": 2
        },
        "end": {
          "line": 30,
          "column": 39
        }
      },
      "15": {
        "start": {
          "line": 32,
          "column": 0
        },
        "end": {
          "line": 41,
          "column": 1
        }
      },
      "16": {
        "start": {
          "line": 33,
          "column": 2
        },
        "end": {
          "line": 40,
          "column": 5
        }
      },
      "17": {
        "start": {
          "line": 34,
          "column": 4
        },
        "end": {
          "line": 34,
          "column": 144
        }
      },
      "18": {
        "start": {
          "line": 35,
          "column": 4
        },
        "end": {
          "line": 39,
          "column": 7
        }
      },
      "19": {
        "start": {
          "line": 36,
          "column": 6
        },
        "end": {
          "line": 36,
          "column": 31
        }
      },
      "20": {
        "start": {
          "line": 36,
          "column": 24
        },
        "end": {
          "line": 36,
          "column": 31
        }
      },
      "21": {
        "start": {
          "line": 37,
          "column": 32
        },
        "end": {
          "line": 37,
          "column": 193
        }
      },
      "22": {
        "start": {
          "line": 38,
          "column": 6
        },
        "end": {
          "line": 38,
          "column": 75
        }
      },
      "23": {
        "start": {
          "line": 38,
          "column": 29
        },
        "end": {
          "line": 38,
          "column": 75
        }
      }
    },
    "fnMap": {
      "0": {
        "name": "(anonymous_0)",
        "decl": {
          "start": {
            "line": 17,
            "column": 19
          },
          "end": {
            "line": 17,
            "column": 20
          }
        },
        "loc": {
          "start": {
            "line": 17,
            "column": 37
          },
          "end": {
            "line": 23,
            "column": 1
          }
        },
        "line": 17
      },
      "1": {
        "name": "(anonymous_1)",
        "decl": {
          "start": {
            "line": 33,
            "column": 52
          },
          "end": {
            "line": 33,
            "column": 53
          }
        },
        "loc": {
          "start": {
            "line": 33,
            "column": 72
          },
          "end": {
            "line": 40,
            "column": 3
          }
        },
        "line": 33
      },
      "2": {
        "name": "(anonymous_2)",
        "decl": {
          "start": {
            "line": 35,
            "column": 27
          },
          "end": {
            "line": 35,
            "column": 28
          }
        },
        "loc": {
          "start": {
            "line": 35,
            "column": 44
          },
          "end": {
            "line": 39,
            "column": 5
          }
        },
        "line": 35
      }
    },
    "branchMap": {
      "0": {
        "loc": {
          "start": {
            "line": 3,
            "column": 20
          },
          "end": {
            "line": 3,
            "column": 97
          }
        },
        "type": "binary-expr",
        "locations": [
          {
            "start": {
              "line": 3,
              "column": 20
            },
            "end": {
              "line": 3,
              "column": 60
            }
          },
          {
            "start": {
              "line": 3,
              "column": 64
            },
            "end": {
              "line": 3,
              "column": 97
            }
          }
        ],
        "line": 3
      },
      "1": {
        "loc": {
          "start": {
            "line": 6,
            "column": 0
          },
          "end": {
            "line": 16,
            "column": 1
          }
        },
        "type": "if",
        "locations": [
          {
            "start": {
              "line": 6,
              "column": 0
            },
            "end": {
              "line": 16,
              "column": 1
            }
          },
          {
            "start": {},
            "end": {}
          }
        ],
        "line": 6
      },
      "2": {
        "loc": {
          "start": {
            "line": 6,
            "column": 4
          },
          "end": {
            "line": 6,
            "column": 35
          }
        },
        "type": "binary-expr",
        "locations": [
          {
            "start": {
              "line": 6,
              "column": 4
            },
            "end": {
              "line": 6,
              "column": 19
            }
          },
          {
            "start": {
              "line": 6,
              "column": 23
            },
            "end": {
              "line": 6,
              "column": 35
            }
          }
        ],
        "line": 6
      },
      "3": {
        "loc": {
          "start": {
            "line": 7,
            "column": 2
          },
          "end": {
            "line": 11,
            "column": 3
          }
        },
        "type": "if",
        "locations": [
          {
            "start": {
              "line": 7,
              "column": 2
            },
            "end": {
              "line": 11,
              "column": 3
            }
          },
          {
            "start": {},
            "end": {}
          }
        ],
        "line": 7
      },
      "4": {
        "loc": {
          "start": {
            "line": 28,
            "column": 0
          },
          "end": {
            "line": 31,
            "column": 1
          }
        },
        "type": "if",
        "locations": [
          {
            "start": {
              "line": 28,
              "column": 0
            },
            "end": {
              "line": 31,
              "column": 1
            }
          },
          {
            "start": {},
            "end": {}
          }
        ],
        "line": 28
      },
      "5": {
        "loc": {
          "start": {
            "line": 28,
            "column": 4
          },
          "end": {
            "line": 28,
            "column": 35
          }
        },
        "type": "binary-expr",
        "locations": [
          {
            "start": {
              "line": 28,
              "column": 4
            },
            "end": {
              "line": 28,
              "column": 19
            }
          },
          {
            "start": {
              "line": 28,
              "column": 23
            },
            "end": {
              "line": 28,
              "column": 35
            }
          }
        ],
        "line": 28
      },
      "6": {
        "loc": {
          "start": {
            "line": 32,
            "column": 0
          },
          "end": {
            "line": 41,
            "column": 1
          }
        },
        "type": "if",
        "locations": [
          {
            "start": {
              "line": 32,
              "column": 0
            },
            "end": {
              "line": 41,
              "column": 1
            }
          },
          {
            "start": {},
            "end": {}
          }
        ],
        "line": 32
      },
      "7": {
        "loc": {
          "start": {
            "line": 32,
            "column": 4
          },
          "end": {
            "line": 32,
            "column": 35
          }
        },
        "type": "binary-expr",
        "locations": [
          {
            "start": {
              "line": 32,
              "column": 4
            },
            "end": {
              "line": 32,
              "column": 19
            }
          },
          {
            "start": {
              "line": 32,
              "column": 23
            },
            "end": {
              "line": 32,
              "column": 35
            }
          }
        ],
        "line": 32
      },
      "8": {
        "loc": {
          "start": {
            "line": 36,
            "column": 6
          },
          "end": {
            "line": 36,
            "column": 31
          }
        },
        "type": "if",
        "locations": [
          {
            "start": {
              "line": 36,
              "column": 6
            },
            "end": {
              "line": 36,
              "column": 31
            }
          },
          {
            "start": {},
            "end": {}
          }
        ],
        "line": 36
      },
      "9": {
        "loc": {
          "start": {
            "line": 38,
            "column": 6
          },
          "end": {
            "line": 38,
            "column": 75
          }
        },
        "type": "if",
        "locations": [
          {
            "start": {
              "line": 38,
              "column": 6
            },
            "end": {
              "line": 38,
              "column": 75
            }
          },
          {
            "start": {},
            "end": {}
          }
        ],
        "line": 38
      }
    },
    "s": {
      "0": 6,
      "1": 6,
      "2": 6,
      "3": 0,
      "4": 6,
      "5": 6,
      "6": 6,
      "7": 6,
      "8": 6,
      "9": 1112,
      "10": 6,
      "11": 6,
      "12": 6,
      "13": 6,
      "14": 6,
      "15": 6,
      "16": 6,
      "17": 6,
      "18": 6,
      "19": 0,
      "20": 0,
      "21": 0,
      "22": 0,
      "23": 0
    },
    "f": {
      "0": 1112,
      "1": 6,
      "2": 0
    },
    "b": {
      "0": [
        6,
        0
      ],
      "1": [
        6,
        0
      ],
      "2": [
        6,
        6
      ],
      "3": [
        0,
        6
      ],
      "4": [
        6,
        0
      ],
      "5": [
        6,
        6
      ],
      "6": [
        6,
        0
      ],
      "7": [
        6,
        6
      ],
      "8": [
        0,
        0
      ],
      "9": [
        0,
        0
      ]
    },
    "inputSourceMap": {
      "version": 3,
      "mappings": "AAUQ;;;;;;;;;;;;;;;;AAFR,MAAMA,aAAaA,CAAC,EAAC,GAAGC,MAAqB,MAAM;AAC/C,SACI,uBAAC,WAAM,GAAIA,OAAO,WAAU,kEAAiE,MAAK,UAAlG;AAAA;AAAA;AAAA;AAAA,SAAwG;AAEhH;AAAEC,KAJIF;AAMN,eAAeA;AAAW,IAAAE;AAAAC,aAAAD,IAAA",
      "names": [
        "InputTasks",
        "props",
        "_c",
        "$RefreshReg$"
      ],
      "ignoreList": [],
      "sources": [
        "/home/daniel/Documentos/aulas/react/em2horas/src/components/InputTasks.tsx"
      ],
      "file": "/home/daniel/Documentos/aulas/react/em2horas/src/components/InputTasks.tsx"
    },
    "_coverageSchema": "1a1c01bbd47fc00a2c39e90264f33305004495a9",
    "hash": "14c721d8743cf12fdf35d3c9810ef0ff9274d748"
  },
  "/home/daniel/Documentos/aulas/react/em2horas/src/components/GenericButton.tsx": {
    "path": "/home/daniel/Documentos/aulas/react/em2horas/src/components/GenericButton.tsx",
    "statementMap": {
      "0": {
        "start": {
          "line": 3,
          "column": 20
        },
        "end": {
          "line": 3,
          "column": 97
        }
      },
      "1": {
        "start": {
          "line": 6,
          "column": 0
        },
        "end": {
          "line": 16,
          "column": 1
        }
      },
      "2": {
        "start": {
          "line": 7,
          "column": 2
        },
        "end": {
          "line": 11,
          "column": 3
        }
      },
      "3": {
        "start": {
          "line": 8,
          "column": 4
        },
        "end": {
          "line": 10,
          "column": 6
        }
      },
      "4": {
        "start": {
          "line": 12,
          "column": 2
        },
        "end": {
          "line": 12,
          "column": 39
        }
      },
      "5": {
        "start": {
          "line": 13,
          "column": 2
        },
        "end": {
          "line": 13,
          "column": 39
        }
      },
      "6": {
        "start": {
          "line": 14,
          "column": 2
        },
        "end": {
          "line": 14,
          "column": 134
        }
      },
      "7": {
        "start": {
          "line": 15,
          "column": 2
        },
        "end": {
          "line": 15,
          "column": 75
        }
      },
      "8": {
        "start": {
          "line": 17,
          "column": 22
        },
        "end": {
          "line": 21,
          "column": 8
        }
      },
      "9": {
        "start": {
          "line": 17,
          "column": 66
        },
        "end": {
          "line": 21,
          "column": 8
        }
      },
      "10": {
        "start": {
          "line": 22,
          "column": 0
        },
        "end": {
          "line": 22,
          "column": 19
        }
      },
      "11": {
        "start": {
          "line": 25,
          "column": 0
        },
        "end": {
          "line": 25,
          "column": 34
        }
      },
      "12": {
        "start": {
          "line": 26,
          "column": 0
        },
        "end": {
          "line": 29,
          "column": 1
        }
      },
      "13": {
        "start": {
          "line": 27,
          "column": 2
        },
        "end": {
          "line": 27,
          "column": 39
        }
      },
      "14": {
        "start": {
          "line": 28,
          "column": 2
        },
        "end": {
          "line": 28,
          "column": 39
        }
      },
      "15": {
        "start": {
          "line": 30,
          "column": 0
        },
        "end": {
          "line": 39,
          "column": 1
        }
      },
      "16": {
        "start": {
          "line": 31,
          "column": 2
        },
        "end": {
          "line": 38,
          "column": 5
        }
      },
      "17": {
        "start": {
          "line": 32,
          "column": 4
        },
        "end": {
          "line": 32,
          "column": 147
        }
      },
      "18": {
        "start": {
          "line": 33,
          "column": 4
        },
        "end": {
          "line": 37,
          "column": 7
        }
      },
      "19": {
        "start": {
          "line": 34,
          "column": 6
        },
        "end": {
          "line": 34,
          "column": 31
        }
      },
      "20": {
        "start": {
          "line": 34,
          "column": 24
        },
        "end": {
          "line": 34,
          "column": 31
        }
      },
      "21": {
        "start": {
          "line": 35,
          "column": 32
        },
        "end": {
          "line": 35,
          "column": 196
        }
      },
      "22": {
        "start": {
          "line": 36,
          "column": 6
        },
        "end": {
          "line": 36,
          "column": 75
        }
      },
      "23": {
        "start": {
          "line": 36,
          "column": 29
        },
        "end": {
          "line": 36,
          "column": 75
        }
      }
    },
    "fnMap": {
      "0": {
        "name": "(anonymous_0)",
        "decl": {
          "start": {
            "line": 17,
            "column": 22
          },
          "end": {
            "line": 17,
            "column": 23
          }
        },
        "loc": {
          "start": {
            "line": 17,
            "column": 66
          },
          "end": {
            "line": 21,
            "column": 8
          }
        },
        "line": 17
      },
      "1": {
        "name": "(anonymous_1)",
        "decl": {
          "start": {
            "line": 31,
            "column": 52
          },
          "end": {
            "line": 31,
            "column": 53
          }
        },
        "loc": {
          "start": {
            "line": 31,
            "column": 72
          },
          "end": {
            "line": 38,
            "column": 3
          }
        },
        "line": 31
      },
      "2": {
        "name": "(anonymous_2)",
        "decl": {
          "start": {
            "line": 33,
            "column": 27
          },
          "end": {
            "line": 33,
            "column": 28
          }
        },
        "loc": {
          "start": {
            "line": 33,
            "column": 44
          },
          "end": {
            "line": 37,
            "column": 5
          }
        },
        "line": 33
      }
    },
    "branchMap": {
      "0": {
        "loc": {
          "start": {
            "line": 3,
            "column": 20
          },
          "end": {
            "line": 3,
            "column": 97
          }
        },
        "type": "binary-expr",
        "locations": [
          {
            "start": {
              "line": 3,
              "column": 20
            },
            "end": {
              "line": 3,
              "column": 60
            }
          },
          {
            "start": {
              "line": 3,
              "column": 64
            },
            "end": {
              "line": 3,
              "column": 97
            }
          }
        ],
        "line": 3
      },
      "1": {
        "loc": {
          "start": {
            "line": 6,
            "column": 0
          },
          "end": {
            "line": 16,
            "column": 1
          }
        },
        "type": "if",
        "locations": [
          {
            "start": {
              "line": 6,
              "column": 0
            },
            "end": {
              "line": 16,
              "column": 1
            }
          },
          {
            "start": {},
            "end": {}
          }
        ],
        "line": 6
      },
      "2": {
        "loc": {
          "start": {
            "line": 6,
            "column": 4
          },
          "end": {
            "line": 6,
            "column": 35
          }
        },
        "type": "binary-expr",
        "locations": [
          {
            "start": {
              "line": 6,
              "column": 4
            },
            "end": {
              "line": 6,
              "column": 19
            }
          },
          {
            "start": {
              "line": 6,
              "column": 23
            },
            "end": {
              "line": 6,
              "column": 35
            }
          }
        ],
        "line": 6
      },
      "3": {
        "loc": {
          "start": {
            "line": 7,
            "column": 2
          },
          "end": {
            "line": 11,
            "column": 3
          }
        },
        "type": "if",
        "locations": [
          {
            "start": {
              "line": 7,
              "column": 2
            },
            "end": {
              "line": 11,
              "column": 3
            }
          },
          {
            "start": {},
            "end": {}
          }
        ],
        "line": 7
      },
      "4": {
        "loc": {
          "start": {
            "line": 26,
            "column": 0
          },
          "end": {
            "line": 29,
            "column": 1
          }
        },
        "type": "if",
        "locations": [
          {
            "start": {
              "line": 26,
              "column": 0
            },
            "end": {
              "line": 29,
              "column": 1
            }
          },
          {
            "start": {},
            "end": {}
          }
        ],
        "line": 26
      },
      "5": {
        "loc": {
          "start": {
            "line": 26,
            "column": 4
          },
          "end": {
            "line": 26,
            "column": 35
          }
        },
        "type": "binary-expr",
        "locations": [
          {
            "start": {
              "line": 26,
              "column": 4
            },
            "end": {
              "line": 26,
              "column": 19
            }
          },
          {
            "start": {
              "line": 26,
              "column": 23
            },
            "end": {
              "line": 26,
              "column": 35
            }
          }
        ],
        "line": 26
      },
      "6": {
        "loc": {
          "start": {
            "line": 30,
            "column": 0
          },
          "end": {
            "line": 39,
            "column": 1
          }
        },
        "type": "if",
        "locations": [
          {
            "start": {
              "line": 30,
              "column": 0
            },
            "end": {
              "line": 39,
              "column": 1
            }
          },
          {
            "start": {},
            "end": {}
          }
        ],
        "line": 30
      },
      "7": {
        "loc": {
          "start": {
            "line": 30,
            "column": 4
          },
          "end": {
            "line": 30,
            "column": 35
          }
        },
        "type": "binary-expr",
        "locations": [
          {
            "start": {
              "line": 30,
              "column": 4
            },
            "end": {
              "line": 30,
              "column": 19
            }
          },
          {
            "start": {
              "line": 30,
              "column": 23
            },
            "end": {
              "line": 30,
              "column": 35
            }
          }
        ],
        "line": 30
      },
      "8": {
        "loc": {
          "start": {
            "line": 34,
            "column": 6
          },
          "end": {
            "line": 34,
            "column": 31
          }
        },
        "type": "if",
        "locations": [
          {
            "start": {
              "line": 34,
              "column": 6
            },
            "end": {
              "line": 34,
              "column": 31
            }
          },
          {
            "start": {},
            "end": {}
          }
        ],
        "line": 34
      },
      "9": {
        "loc": {
          "start": {
            "line": 36,
            "column": 6
          },
          "end": {
            "line": 36,
            "column": 75
          }
        },
        "type": "if",
        "locations": [
          {
            "start": {
              "line": 36,
              "column": 6
            },
            "end": {
              "line": 36,
              "column": 75
            }
          },
          {
            "start": {},
            "end": {}
          }
        ],
        "line": 36
      }
    },
    "s": {
      "0": 6,
      "1": 6,
      "2": 6,
      "3": 0,
      "4": 6,
      "5": 6,
      "6": 6,
      "7": 6,
      "8": 6,
      "9": 596,
      "10": 6,
      "11": 6,
      "12": 6,
      "13": 6,
      "14": 6,
      "15": 6,
      "16": 6,
      "17": 6,
      "18": 6,
      "19": 0,
      "20": 0,
      "21": 0,
      "22": 0,
      "23": 0
    },
    "f": {
      "0": 596,
      "1": 6,
      "2": 0
    },
    "b": {
      "0": [
        6,
        0
      ],
      "1": [
        6,
        0
      ],
      "2": [
        6,
        6
      ],
      "3": [
        0,
        6
      ],
      "4": [
        6,
        0
      ],
      "5": [
        6,
        6
      ],
      "6": [
        6,
        0
      ],
      "7": [
        6,
        6
      ],
      "8": [
        0,
        0
      ],
      "9": [
        0,
        0
      ]
    },
    "inputSourceMap": {
      "version": 3,
      "mappings": "AASI;;;;;;;;;;;;;;;;AADJ,MAAMA,gBAA8CA,CAAC,EAACC,UAAU,GAAGC,MAAwB,MACvF,uBAAC,YAAO,GAAIA,OACPD,YADL;AAAA;AAAA;AAAA;AAAA,OAEA;AACFE,KAJIH;AAMN,eAAeA;AAAc,IAAAG;AAAAC,aAAAD,IAAA",
      "names": [
        "GenericButton",
        "children",
        "props",
        "_c",
        "$RefreshReg$"
      ],
      "ignoreList": [],
      "sources": [
        "/home/daniel/Documentos/aulas/react/em2horas/src/components/GenericButton.tsx"
      ],
      "file": "/home/daniel/Documentos/aulas/react/em2horas/src/components/GenericButton.tsx"
    },
    "_coverageSchema": "1a1c01bbd47fc00a2c39e90264f33305004495a9",
    "hash": "4a9a26ac782b1645a20bc372c2d5bd15049c4473"
  },
  "/home/daniel/Documentos/aulas/react/em2horas/src/components/AddTasks.tsx": {
    "path": "/home/daniel/Documentos/aulas/react/em2horas/src/components/AddTasks.tsx",
    "statementMap": {
      "0": {
        "start": {
          "line": 3,
          "column": 20
        },
        "end": {
          "line": 3,
          "column": 97
        }
      },
      "1": {
        "start": {
          "line": 6,
          "column": 0
        },
        "end": {
          "line": 16,
          "column": 1
        }
      },
      "2": {
        "start": {
          "line": 7,
          "column": 2
        },
        "end": {
          "line": 11,
          "column": 3
        }
      },
      "3": {
        "start": {
          "line": 8,
          "column": 4
        },
        "end": {
          "line": 10,
          "column": 6
        }
      },
      "4": {
        "start": {
          "line": 12,
          "column": 2
        },
        "end": {
          "line": 12,
          "column": 39
        }
      },
      "5": {
        "start": {
          "line": 13,
          "column": 2
        },
        "end": {
          "line": 13,
          "column": 39
        }
      },
      "6": {
        "start": {
          "line": 14,
          "column": 2
        },
        "end": {
          "line": 14,
          "column": 129
        }
      },
      "7": {
        "start": {
          "line": 15,
          "column": 2
        },
        "end": {
          "line": 15,
          "column": 75
        }
      },
      "8": {
        "start": {
          "line": 17,
          "column": 9
        },
        "end": {
          "line": 17,
          "column": 23
        }
      },
      "9": {
        "start": {
          "line": 21,
          "column": 17
        },
        "end": {
          "line": 53,
          "column": 1
        }
      },
      "10": {
        "start": {
          "line": 22,
          "column": 2
        },
        "end": {
          "line": 22,
          "column": 7
        }
      },
      "11": {
        "start": {
          "line": 23,
          "column": 28
        },
        "end": {
          "line": 23,
          "column": 40
        }
      },
      "12": {
        "start": {
          "line": 24,
          "column": 40
        },
        "end": {
          "line": 24,
          "column": 52
        }
      },
      "13": {
        "start": {
          "line": 25,
          "column": 21
        },
        "end": {
          "line": 31,
          "column": 3
        }
      },
      "14": {
        "start": {
          "line": 26,
          "column": 4
        },
        "end": {
          "line": 29,
          "column": 5
        }
      },
      "15": {
        "start": {
          "line": 27,
          "column": 6
        },
        "end": {
          "line": 27,
          "column": 51
        }
      },
      "16": {
        "start": {
          "line": 28,
          "column": 6
        },
        "end": {
          "line": 28,
          "column": 13
        }
      },
      "17": {
        "start": {
          "line": 30,
          "column": 4
        },
        "end": {
          "line": 30,
          "column": 34
        }
      },
      "18": {
        "start": {
          "line": 32,
          "column": 2
        },
        "end": {
          "line": 52,
          "column": 11
        }
      },
      "19": {
        "start": {
          "line": 33,
          "column": 100
        },
        "end": {
          "line": 33,
          "column": 124
        }
      },
      "20": {
        "start": {
          "line": 38,
          "column": 109
        },
        "end": {
          "line": 38,
          "column": 139
        }
      },
      "21": {
        "start": {
          "line": 54,
          "column": 0
        },
        "end": {
          "line": 54,
          "column": 45
        }
      },
      "22": {
        "start": {
          "line": 55,
          "column": 0
        },
        "end": {
          "line": 55,
          "column": 14
        }
      },
      "23": {
        "start": {
          "line": 58,
          "column": 0
        },
        "end": {
          "line": 58,
          "column": 29
        }
      },
      "24": {
        "start": {
          "line": 59,
          "column": 0
        },
        "end": {
          "line": 62,
          "column": 1
        }
      },
      "25": {
        "start": {
          "line": 60,
          "column": 2
        },
        "end": {
          "line": 60,
          "column": 39
        }
      },
      "26": {
        "start": {
          "line": 61,
          "column": 2
        },
        "end": {
          "line": 61,
          "column": 39
        }
      },
      "27": {
        "start": {
          "line": 63,
          "column": 0
        },
        "end": {
          "line": 72,
          "column": 1
        }
      },
      "28": {
        "start": {
          "line": 64,
          "column": 2
        },
        "end": {
          "line": 71,
          "column": 5
        }
      },
      "29": {
        "start": {
          "line": 65,
          "column": 4
        },
        "end": {
          "line": 65,
          "column": 142
        }
      },
      "30": {
        "start": {
          "line": 66,
          "column": 4
        },
        "end": {
          "line": 70,
          "column": 7
        }
      },
      "31": {
        "start": {
          "line": 67,
          "column": 6
        },
        "end": {
          "line": 67,
          "column": 31
        }
      },
      "32": {
        "start": {
          "line": 67,
          "column": 24
        },
        "end": {
          "line": 67,
          "column": 31
        }
      },
      "33": {
        "start": {
          "line": 68,
          "column": 32
        },
        "end": {
          "line": 68,
          "column": 191
        }
      },
      "34": {
        "start": {
          "line": 69,
          "column": 6
        },
        "end": {
          "line": 69,
          "column": 75
        }
      },
      "35": {
        "start": {
          "line": 69,
          "column": 29
        },
        "end": {
          "line": 69,
          "column": 75
        }
      }
    },
    "fnMap": {
      "0": {
        "name": "(anonymous_0)",
        "decl": {
          "start": {
            "line": 21,
            "column": 17
          },
          "end": {
            "line": 21,
            "column": 18
          }
        },
        "loc": {
          "start": {
            "line": 21,
            "column": 36
          },
          "end": {
            "line": 53,
            "column": 1
          }
        },
        "line": 21
      },
      "1": {
        "name": "(anonymous_1)",
        "decl": {
          "start": {
            "line": 25,
            "column": 21
          },
          "end": {
            "line": 25,
            "column": 22
          }
        },
        "loc": {
          "start": {
            "line": 25,
            "column": 27
          },
          "end": {
            "line": 31,
            "column": 3
          }
        },
        "line": 25
      },
      "2": {
        "name": "(anonymous_2)",
        "decl": {
          "start": {
            "line": 33,
            "column": 93
          },
          "end": {
            "line": 33,
            "column": 94
          }
        },
        "loc": {
          "start": {
            "line": 33,
            "column": 100
          },
          "end": {
            "line": 33,
            "column": 124
          }
        },
        "line": 33
      },
      "3": {
        "name": "(anonymous_3)",
        "decl": {
          "start": {
            "line": 38,
            "column": 102
          },
          "end": {
            "line": 38,
            "column": 103
          }
        },
        "loc": {
          "start": {
            "line": 38,
            "column": 109
          },
          "end": {
            "line": 38,
            "column": 139
          }
        },
        "line": 38
      },
      "4": {
        "name": "(anonymous_4)",
        "decl": {
          "start": {
            "line": 64,
            "column": 52
          },
          "end": {
            "line": 64,
            "column": 53
          }
        },
        "loc": {
          "start": {
            "line": 64,
            "column": 72
          },
          "end": {
            "line": 71,
            "column": 3
          }
        },
        "line": 64
      },
      "5": {
        "name": "(anonymous_5)",
        "decl": {
          "start": {
            "line": 66,
            "column": 27
          },
          "end": {
            "line": 66,
            "column": 28
          }
        },
        "loc": {
          "start": {
            "line": 66,
            "column": 44
          },
          "end": {
            "line": 70,
            "column": 5
          }
        },
        "line": 66
      }
    },
    "branchMap": {
      "0": {
        "loc": {
          "start": {
            "line": 3,
            "column": 20
          },
          "end": {
            "line": 3,
            "column": 97
          }
        },
        "type": "binary-expr",
        "locations": [
          {
            "start": {
              "line": 3,
              "column": 20
            },
            "end": {
              "line": 3,
              "column": 60
            }
          },
          {
            "start": {
              "line": 3,
              "column": 64
            },
            "end": {
              "line": 3,
              "column": 97
            }
          }
        ],
        "line": 3
      },
      "1": {
        "loc": {
          "start": {
            "line": 6,
            "column": 0
          },
          "end": {
            "line": 16,
            "column": 1
          }
        },
        "type": "if",
        "locations": [
          {
            "start": {
              "line": 6,
              "column": 0
            },
            "end": {
              "line": 16,
              "column": 1
            }
          },
          {
            "start": {},
            "end": {}
          }
        ],
        "line": 6
      },
      "2": {
        "loc": {
          "start": {
            "line": 6,
            "column": 4
          },
          "end": {
            "line": 6,
            "column": 35
          }
        },
        "type": "binary-expr",
        "locations": [
          {
            "start": {
              "line": 6,
              "column": 4
            },
            "end": {
              "line": 6,
              "column": 19
            }
          },
          {
            "start": {
              "line": 6,
              "column": 23
            },
            "end": {
              "line": 6,
              "column": 35
            }
          }
        ],
        "line": 6
      },
      "3": {
        "loc": {
          "start": {
            "line": 7,
            "column": 2
          },
          "end": {
            "line": 11,
            "column": 3
          }
        },
        "type": "if",
        "locations": [
          {
            "start": {
              "line": 7,
              "column": 2
            },
            "end": {
              "line": 11,
              "column": 3
            }
          },
          {
            "start": {},
            "end": {}
          }
        ],
        "line": 7
      },
      "4": {
        "loc": {
          "start": {
            "line": 26,
            "column": 4
          },
          "end": {
            "line": 29,
            "column": 5
          }
        },
        "type": "if",
        "locations": [
          {
            "start": {
              "line": 26,
              "column": 4
            },
            "end": {
              "line": 29,
              "column": 5
            }
          },
          {
            "start": {},
            "end": {}
          }
        ],
        "line": 26
      },
      "5": {
        "loc": {
          "start": {
            "line": 26,
            "column": 8
          },
          "end": {
            "line": 26,
            "column": 56
          }
        },
        "type": "binary-expr",
        "locations": [
          {
            "start": {
              "line": 26,
              "column": 8
            },
            "end": {
              "line": 26,
              "column": 27
            }
          },
          {
            "start": {
              "line": 26,
              "column": 31
            },
            "end": {
              "line": 26,
              "column": 56
            }
          }
        ],
        "line": 26
      },
      "6": {
        "loc": {
          "start": {
            "line": 59,
            "column": 0
          },
          "end": {
            "line": 62,
            "column": 1
          }
        },
        "type": "if",
        "locations": [
          {
            "start": {
              "line": 59,
              "column": 0
            },
            "end": {
              "line": 62,
              "column": 1
            }
          },
          {
            "start": {},
            "end": {}
          }
        ],
        "line": 59
      },
      "7": {
        "loc": {
          "start": {
            "line": 59,
            "column": 4
          },
          "end": {
            "line": 59,
            "column": 35
          }
        },
        "type": "binary-expr",
        "locations": [
          {
            "start": {
              "line": 59,
              "column": 4
            },
            "end": {
              "line": 59,
              "column": 19
            }
          },
          {
            "start": {
              "line": 59,
              "column": 23
            },
            "end": {
              "line": 59,
              "column": 35
            }
          }
        ],
        "line": 59
      },
      "8": {
        "loc": {
          "start": {
            "line": 63,
            "column": 0
          },
          "end": {
            "line": 72,
            "column": 1
          }
        },
        "type": "if",
        "locations": [
          {
            "start": {
              "line": 63,
              "column": 0
            },
            "end": {
              "line": 72,
              "column": 1
            }
          },
          {
            "start": {},
            "end": {}
          }
        ],
        "line": 63
      },
      "9": {
        "loc": {
          "start": {
            "line": 63,
            "column": 4
          },
          "end": {
            "line": 63,
            "column": 35
          }
        },
        "type": "binary-expr",
        "locations": [
          {
            "start": {
              "line": 63,
              "column": 4
            },
            "end": {
              "line": 63,
              "column": 19
            }
          },
          {
            "start": {
              "line": 63,
              "column": 23
            },
            "end": {
              "line": 63,
              "column": 35
            }
          }
        ],
        "line": 63
      },
      "10": {
        "loc": {
          "start": {
            "line": 67,
            "column": 6
          },
          "end": {
            "line": 67,
            "column": 31
          }
        },
        "type": "if",
        "locations": [
          {
            "start": {
              "line": 67,
              "column": 6
            },
            "end": {
              "line": 67,
              "column": 31
            }
          },
          {
            "start": {},
            "end": {}
          }
        ],
        "line": 67
      },
      "11": {
        "loc": {
          "start": {
            "line": 69,
            "column": 6
          },
          "end": {
            "line": 69,
            "column": 75
          }
        },
        "type": "if",
        "locations": [
          {
            "start": {
              "line": 69,
              "column": 6
            },
            "end": {
              "line": 69,
              "column": 75
            }
          },
          {
            "start": {},
            "end": {}
          }
        ],
        "line": 69
      }
    },
    "s": {
      "0": 6,
      "1": 6,
      "2": 6,
      "3": 0,
      "4": 6,
      "5": 6,
      "6": 6,
      "7": 6,
      "8": 6,
      "9": 6,
      "10": 556,
      "11": 556,
      "12": 556,
      "13": 556,
      "14": 5,
      "15": 0,
      "16": 0,
      "17": 5,
      "18": 556,
      "19": 65,
      "20": 200,
      "21": 6,
      "22": 6,
      "23": 6,
      "24": 6,
      "25": 6,
      "26": 6,
      "27": 6,
      "28": 6,
      "29": 6,
      "30": 6,
      "31": 0,
      "32": 0,
      "33": 0,
      "34": 0,
      "35": 0
    },
    "f": {
      "0": 556,
      "1": 5,
      "2": 65,
      "3": 200,
      "4": 6,
      "5": 0
    },
    "b": {
      "0": [
        6,
        0
      ],
      "1": [
        6,
        0
      ],
      "2": [
        6,
        6
      ],
      "3": [
        0,
        6
      ],
      "4": [
        0,
        5
      ],
      "5": [
        5,
        5
      ],
      "6": [
        6,
        0
      ],
      "7": [
        6,
        6
      ],
      "8": [
        6,
        0
      ],
      "9": [
        6,
        6
      ],
      "10": [
        0,
        0
      ],
      "11": [
        0,
        0
      ]
    },
    "inputSourceMap": {
      "version": 3,
      "mappings": "AAyBY;;;;;;;;;;;;;;;;;AAzBZ,SAASA,gBAAgB;AACzB,OAAOC,gBAAgB;AACvB,OAAOC,mBAAmB;AAQtB,MAAMC,WAAWA,CAAC,EAACC,UAAwB,MAAM;AAAAC,KAAA;AAC7C,QAAM,CAACC,OAAOC,QAAQ,IAAIP,SAAS,EAAE;AACrC,QAAM,CAACQ,aAAaC,cAAc,IAAIT,SAAS,EAAE;AAGrD,QAAMU,aAAaA,MAAM;AACrB,QAAIJ,MAAMK,KAAK,MAAM,MAAMH,YAAYG,KAAK,MAAM,IAAI;AAClDC,YAAM,qCAAqC;AAC3C;AAAA,IACJ;AACAR,cAAUE,OAAOE,WAAW;AAAA,EAChC;AAEA,SACI,uBAAC,SAAI,WAAU,8DACX;AAAA,2BAAC,cAAW,OAAOF,OAAO,aAAY,eAAc,UAAU,CAAAO,MAAKN,SAASM,EAAEC,OAAOC,KAAK,KAA1F;AAAA;AAAA;AAAA;AAAA,WAA4F;AAAA,IAC5F,uBAAC,cAAW,OAAOP,aAAa,aAAY,kBAAiB,UAAU,CAAAK,MAAKJ,eAAeI,EAAEC,OAAOC,KAAK,KAAzG;AAAA;AAAA;AAAA;AAAA,WAA2G;AAAA,IAC3G,uBAAC,iBAAc,SAASL,YAAY,WAAU,4DAA2D,yBAAzG;AAAA;AAAA;AAAA;AAAA,WAAkH;AAAA,OAHtH;AAAA;AAAA;AAAA;AAAA,SAIA;AAER;AAACL,GApBSF,UAAQ;AAAAa,KAARb;AAqBV,eAAeA;AAAQ,IAAAa;AAAAC,aAAAD,IAAA",
      "names": [
        "useState",
        "InputTasks",
        "GenericButton",
        "AddTasks",
        "onTaskAdd",
        "_s",
        "title",
        "setTitle",
        "description",
        "setDescription",
        "OnClickAdd",
        "trim",
        "alert",
        "e",
        "target",
        "value",
        "_c",
        "$RefreshReg$"
      ],
      "ignoreList": [],
      "sources": [
        "/home/daniel/Documentos/aulas/react/em2horas/src/components/AddTasks.tsx"
      ],
      "file": "/home/daniel/Documentos/aulas/react/em2horas/src/components/AddTasks.tsx"
    },
    "_coverageSchema": "1a1c01bbd47fc00a2c39e90264f33305004495a9",
    "hash": "7f12d5af4b68b0caacc332960924c962dc629dd0"
  },
  "/home/daniel/Documentos/aulas/react/em2horas/src/components/Tasks.tsx": {
    "path": "/home/daniel/Documentos/aulas/react/em2horas/src/components/Tasks.tsx",
    "statementMap": {
      "0": {
        "start": {
          "line": 3,
          "column": 20
        },
        "end": {
          "line": 3,
          "column": 97
        }
      },
      "1": {
        "start": {
          "line": 6,
          "column": 0
        },
        "end": {
          "line": 16,
          "column": 1
        }
      },
      "2": {
        "start": {
          "line": 7,
          "column": 2
        },
        "end": {
          "line": 11,
          "column": 3
        }
      },
      "3": {
        "start": {
          "line": 8,
          "column": 4
        },
        "end": {
          "line": 10,
          "column": 6
        }
      },
      "4": {
        "start": {
          "line": 12,
          "column": 2
        },
        "end": {
          "line": 12,
          "column": 39
        }
      },
      "5": {
        "start": {
          "line": 13,
          "column": 2
        },
        "end": {
          "line": 13,
          "column": 39
        }
      },
      "6": {
        "start": {
          "line": 14,
          "column": 2
        },
        "end": {
          "line": 14,
          "column": 126
        }
      },
      "7": {
        "start": {
          "line": 15,
          "column": 2
        },
        "end": {
          "line": 15,
          "column": 75
        }
      },
      "8": {
        "start": {
          "line": 17,
          "column": 9
        },
        "end": {
          "line": 17,
          "column": 23
        }
      },
      "9": {
        "start": {
          "line": 21,
          "column": 14
        },
        "end": {
          "line": 66,
          "column": 1
        }
      },
      "10": {
        "start": {
          "line": 22,
          "column": 2
        },
        "end": {
          "line": 22,
          "column": 7
        }
      },
      "11": {
        "start": {
          "line": 23,
          "column": 19
        },
        "end": {
          "line": 23,
          "column": 32
        }
      },
      "12": {
        "start": {
          "line": 24,
          "column": 25
        },
        "end": {
          "line": 30,
          "column": 3
        }
      },
      "13": {
        "start": {
          "line": 25,
          "column": 24
        },
        "end": {
          "line": 28,
          "column": 6
        }
      },
      "14": {
        "start": {
          "line": 29,
          "column": 4
        },
        "end": {
          "line": 29,
          "column": 49
        }
      },
      "15": {
        "start": {
          "line": 31,
          "column": 2
        },
        "end": {
          "line": 65,
          "column": 11
        }
      },
      "16": {
        "start": {
          "line": 32,
          "column": 30
        },
        "end": {
          "line": 60,
          "column": 12
        }
      },
      "17": {
        "start": {
          "line": 33,
          "column": 61
        },
        "end": {
          "line": 33,
          "column": 80
        }
      },
      "18": {
        "start": {
          "line": 38,
          "column": 61
        },
        "end": {
          "line": 38,
          "column": 81
        }
      },
      "19": {
        "start": {
          "line": 47,
          "column": 61
        },
        "end": {
          "line": 47,
          "column": 79
        }
      },
      "20": {
        "start": {
          "line": 67,
          "column": 0
        },
        "end": {
          "line": 69,
          "column": 3
        }
      },
      "21": {
        "start": {
          "line": 68,
          "column": 2
        },
        "end": {
          "line": 68,
          "column": 23
        }
      },
      "22": {
        "start": {
          "line": 70,
          "column": 0
        },
        "end": {
          "line": 70,
          "column": 11
        }
      },
      "23": {
        "start": {
          "line": 73,
          "column": 0
        },
        "end": {
          "line": 73,
          "column": 26
        }
      },
      "24": {
        "start": {
          "line": 74,
          "column": 0
        },
        "end": {
          "line": 77,
          "column": 1
        }
      },
      "25": {
        "start": {
          "line": 75,
          "column": 2
        },
        "end": {
          "line": 75,
          "column": 39
        }
      },
      "26": {
        "start": {
          "line": 76,
          "column": 2
        },
        "end": {
          "line": 76,
          "column": 39
        }
      },
      "27": {
        "start": {
          "line": 78,
          "column": 0
        },
        "end": {
          "line": 87,
          "column": 1
        }
      },
      "28": {
        "start": {
          "line": 79,
          "column": 2
        },
        "end": {
          "line": 86,
          "column": 5
        }
      },
      "29": {
        "start": {
          "line": 80,
          "column": 4
        },
        "end": {
          "line": 80,
          "column": 139
        }
      },
      "30": {
        "start": {
          "line": 81,
          "column": 4
        },
        "end": {
          "line": 85,
          "column": 7
        }
      },
      "31": {
        "start": {
          "line": 82,
          "column": 6
        },
        "end": {
          "line": 82,
          "column": 31
        }
      },
      "32": {
        "start": {
          "line": 82,
          "column": 24
        },
        "end": {
          "line": 82,
          "column": 31
        }
      },
      "33": {
        "start": {
          "line": 83,
          "column": 32
        },
        "end": {
          "line": 83,
          "column": 188
        }
      },
      "34": {
        "start": {
          "line": 84,
          "column": 6
        },
        "end": {
          "line": 84,
          "column": 75
        }
      },
      "35": {
        "start": {
          "line": 84,
          "column": 29
        },
        "end": {
          "line": 84,
          "column": 75
        }
      }
    },
    "fnMap": {
      "0": {
        "name": "(anonymous_0)",
        "decl": {
          "start": {
            "line": 21,
            "column": 14
          },
          "end": {
            "line": 21,
            "column": 15
          }
        },
        "loc": {
          "start": {
            "line": 21,
            "column": 58
          },
          "end": {
            "line": 66,
            "column": 1
          }
        },
        "line": 21
      },
      "1": {
        "name": "(anonymous_1)",
        "decl": {
          "start": {
            "line": 24,
            "column": 25
          },
          "end": {
            "line": 24,
            "column": 26
          }
        },
        "loc": {
          "start": {
            "line": 24,
            "column": 35
          },
          "end": {
            "line": 30,
            "column": 3
          }
        },
        "line": 24
      },
      "2": {
        "name": "(anonymous_2)",
        "decl": {
          "start": {
            "line": 32,
            "column": 4
          },
          "end": {
            "line": 32,
            "column": 5
          }
        },
        "loc": {
          "start": {
            "line": 32,
            "column": 30
          },
          "end": {
            "line": 60,
            "column": 12
          }
        },
        "line": 32
      },
      "3": {
        "name": "(anonymous_3)",
        "decl": {
          "start": {
            "line": 33,
            "column": 55
          },
          "end": {
            "line": 33,
            "column": 56
          }
        },
        "loc": {
          "start": {
            "line": 33,
            "column": 61
          },
          "end": {
            "line": 33,
            "column": 80
          }
        },
        "line": 33
      },
      "4": {
        "name": "(anonymous_4)",
        "decl": {
          "start": {
            "line": 38,
            "column": 55
          },
          "end": {
            "line": 38,
            "column": 56
          }
        },
        "loc": {
          "start": {
            "line": 38,
            "column": 61
          },
          "end": {
            "line": 38,
            "column": 81
          }
        },
        "line": 38
      },
      "5": {
        "name": "(anonymous_5)",
        "decl": {
          "start": {
            "line": 47,
            "column": 55
          },
          "end": {
            "line": 47,
            "column": 56
          }
        },
        "loc": {
          "start": {
            "line": 47,
            "column": 61
          },
          "end": {
            "line": 47,
            "column": 79
          }
        },
        "line": 47
      },
      "6": {
        "name": "(anonymous_6)",
        "decl": {
          "start": {
            "line": 67,
            "column": 49
          },
          "end": {
            "line": 67,
            "column": 50
          }
        },
        "loc": {
          "start": {
            "line": 67,
            "column": 60
          },
          "end": {
            "line": 69,
            "column": 1
          }
        },
        "line": 67
      },
      "7": {
        "name": "(anonymous_7)",
        "decl": {
          "start": {
            "line": 79,
            "column": 52
          },
          "end": {
            "line": 79,
            "column": 53
          }
        },
        "loc": {
          "start": {
            "line": 79,
            "column": 72
          },
          "end": {
            "line": 86,
            "column": 3
          }
        },
        "line": 79
      },
      "8": {
        "name": "(anonymous_8)",
        "decl": {
          "start": {
            "line": 81,
            "column": 27
          },
          "end": {
            "line": 81,
            "column": 28
          }
        },
        "loc": {
          "start": {
            "line": 81,
            "column": 44
          },
          "end": {
            "line": 85,
            "column": 5
          }
        },
        "line": 81
      }
    },
    "branchMap": {
      "0": {
        "loc": {
          "start": {
            "line": 3,
            "column": 20
          },
          "end": {
            "line": 3,
            "column": 97
          }
        },
        "type": "binary-expr",
        "locations": [
          {
            "start": {
              "line": 3,
              "column": 20
            },
            "end": {
              "line": 3,
              "column": 60
            }
          },
          {
            "start": {
              "line": 3,
              "column": 64
            },
            "end": {
              "line": 3,
              "column": 97
            }
          }
        ],
        "line": 3
      },
      "1": {
        "loc": {
          "start": {
            "line": 6,
            "column": 0
          },
          "end": {
            "line": 16,
            "column": 1
          }
        },
        "type": "if",
        "locations": [
          {
            "start": {
              "line": 6,
              "column": 0
            },
            "end": {
              "line": 16,
              "column": 1
            }
          },
          {
            "start": {},
            "end": {}
          }
        ],
        "line": 6
      },
      "2": {
        "loc": {
          "start": {
            "line": 6,
            "column": 4
          },
          "end": {
            "line": 6,
            "column": 35
          }
        },
        "type": "binary-expr",
        "locations": [
          {
            "start": {
              "line": 6,
              "column": 4
            },
            "end": {
              "line": 6,
              "column": 19
            }
          },
          {
            "start": {
              "line": 6,
              "column": 23
            },
            "end": {
              "line": 6,
              "column": 35
            }
          }
        ],
        "line": 6
      },
      "3": {
        "loc": {
          "start": {
            "line": 7,
            "column": 2
          },
          "end": {
            "line": 11,
            "column": 3
          }
        },
        "type": "if",
        "locations": [
          {
            "start": {
              "line": 7,
              "column": 2
            },
            "end": {
              "line": 11,
              "column": 3
            }
          },
          {
            "start": {},
            "end": {}
          }
        ],
        "line": 7
      },
      "4": {
        "loc": {
          "start": {
            "line": 33,
            "column": 149
          },
          "end": {
            "line": 33,
            "column": 183
          }
        },
        "type": "binary-expr",
        "locations": [
          {
            "start": {
              "line": 33,
              "column": 149
            },
            "end": {
              "line": 33,
              "column": 165
            }
          },
          {
            "start": {
              "line": 33,
              "column": 169
            },
            "end": {
              "line": 33,
              "column": 183
            }
          }
        ],
        "line": 33
      },
      "5": {
        "loc": {
          "start": {
            "line": 74,
            "column": 0
          },
          "end": {
            "line": 77,
            "column": 1
          }
        },
        "type": "if",
        "locations": [
          {
            "start": {
              "line": 74,
              "column": 0
            },
            "end": {
              "line": 77,
              "column": 1
            }
          },
          {
            "start": {},
            "end": {}
          }
        ],
        "line": 74
      },
      "6": {
        "loc": {
          "start": {
            "line": 74,
            "column": 4
          },
          "end": {
            "line": 74,
            "column": 35
          }
        },
        "type": "binary-expr",
        "locations": [
          {
            "start": {
              "line": 74,
              "column": 4
            },
            "end": {
              "line": 74,
              "column": 19
            }
          },
          {
            "start": {
              "line": 74,
              "column": 23
            },
            "end": {
              "line": 74,
              "column": 35
            }
          }
        ],
        "line": 74
      },
      "7": {
        "loc": {
          "start": {
            "line": 78,
            "column": 0
          },
          "end": {
            "line": 87,
            "column": 1
          }
        },
        "type": "if",
        "locations": [
          {
            "start": {
              "line": 78,
              "column": 0
            },
            "end": {
              "line": 87,
              "column": 1
            }
          },
          {
            "start": {},
            "end": {}
          }
        ],
        "line": 78
      },
      "8": {
        "loc": {
          "start": {
            "line": 78,
            "column": 4
          },
          "end": {
            "line": 78,
            "column": 35
          }
        },
        "type": "binary-expr",
        "locations": [
          {
            "start": {
              "line": 78,
              "column": 4
            },
            "end": {
              "line": 78,
              "column": 19
            }
          },
          {
            "start": {
              "line": 78,
              "column": 23
            },
            "end": {
              "line": 78,
              "column": 35
            }
          }
        ],
        "line": 78
      },
      "9": {
        "loc": {
          "start": {
            "line": 82,
            "column": 6
          },
          "end": {
            "line": 82,
            "column": 31
          }
        },
        "type": "if",
        "locations": [
          {
            "start": {
              "line": 82,
              "column": 6
            },
            "end": {
              "line": 82,
              "column": 31
            }
          },
          {
            "start": {},
            "end": {}
          }
        ],
        "line": 82
      },
      "10": {
        "loc": {
          "start": {
            "line": 84,
            "column": 6
          },
          "end": {
            "line": 84,
            "column": 75
          }
        },
        "type": "if",
        "locations": [
          {
            "start": {
              "line": 84,
              "column": 6
            },
            "end": {
              "line": 84,
              "column": 75
            }
          },
          {
            "start": {},
            "end": {}
          }
        ],
        "line": 84
      }
    },
    "s": {
      "0": 6,
      "1": 6,
      "2": 6,
      "3": 0,
      "4": 6,
      "5": 6,
      "6": 6,
      "7": 6,
      "8": 6,
      "9": 6,
      "10": 26,
      "11": 26,
      "12": 26,
      "13": 2,
      "14": 2,
      "15": 26,
      "16": 12,
      "17": 0,
      "18": 2,
      "19": 1,
      "20": 6,
      "21": 6,
      "22": 6,
      "23": 6,
      "24": 6,
      "25": 6,
      "26": 6,
      "27": 6,
      "28": 6,
      "29": 6,
      "30": 6,
      "31": 0,
      "32": 0,
      "33": 0,
      "34": 0,
      "35": 0
    },
    "f": {
      "0": 26,
      "1": 2,
      "2": 12,
      "3": 0,
      "4": 2,
      "5": 1,
      "6": 6,
      "7": 6,
      "8": 0
    },
    "b": {
      "0": [
        6,
        0
      ],
      "1": [
        6,
        0
      ],
      "2": [
        6,
        6
      ],
      "3": [
        0,
        6
      ],
      "4": [
        12,
        0
      ],
      "5": [
        6,
        0
      ],
      "6": [
        6,
        6
      ],
      "7": [
        6,
        0
      ],
      "8": [
        6,
        6
      ],
      "9": [
        0,
        0
      ],
      "10": [
        0,
        0
      ]
    },
    "inputSourceMap": {
      "version": 3,
      "mappings": "AAyBoB;;;;;;;;;;;;;;;;;AAzBpB,SAASA,kBAAkBC,iBAAiB;AAE5C,SAASC,mBAAmB;AAC5B,OAAOC,mBAAmB;AAQ1B,MAAMC,QAAQA,CAAC,EAAEC,OAAOC,eAAeC,aAAyB,MAAM;AAAAC,KAAA;AAClE,QAAMC,WAAWP,YAAY;AAC7B,QAAMQ,iBAAiBA,CAACC,SAAe;AACnC,UAAMC,cAAc,IAAIC,gBAAgB;AAAA,MACpCC,OAAOH,KAAKG;AAAAA,MACZC,aAAaJ,KAAKI;AAAAA,IACtB,CAAC;AACDN,aAAS,UAAUG,YAAYI,SAAS,CAAC,EAAE;AAAA,EAC/C;AAEE,SACE,uBAAC,QAAG,WAAU,gDACTX,gBAAMY;AAAAA,IAAI,CAACN,SACR,uBAAC,QAAiB,WAAU,cACxB;AAAA,6BAAC,iBAAc,SAAS,MAAML,cAAcK,IAAI,GAAG,WAAW,wDAAwDA,KAAKO,eAAe,cAAc,IAAKP,eAAKG,SAAlK;AAAA;AAAA;AAAA;AAAA,aAAwK;AAAA,MACxK,uBAAC,iBAAc,SAAS,MAAMJ,eAAeC,IAAI,GAAG,WAAU,0CAAyC,iCAAC,sBAAD;AAAA;AAAA;AAAA;AAAA,aAAiB,KAAxH;AAAA;AAAA;AAAA;AAAA,aAA2H;AAAA,MAC3H,uBAAC,iBAAc,SAAS,MAAMJ,aAAaI,IAAI,GAAG,WAAU,0CAAyC,iCAAC,eAAD;AAAA;AAAA;AAAA;AAAA,aAAU,KAA/G;AAAA;AAAA;AAAA;AAAA,aAAkH;AAAA,SAH7GA,KAAKQ,IAAd;AAAA;AAAA;AAAA;AAAA,WAIA;AAAA,EACH,KAPL;AAAA;AAAA;AAAA;AAAA,SAQA;AAER;AAAEX,GArBIJ,OAAK;AAAA,UACUF,WAAW;AAAA;AAAAkB,KAD1BhB;AAuBN,eAAeA;AAAM,IAAAgB;AAAAC,aAAAD,IAAA",
      "names": [
        "ChevronRightIcon",
        "TrashIcon",
        "useNavigate",
        "GenericButton",
        "Tasks",
        "tasks",
        "onTaskChecked",
        "onTaskDelete",
        "_s",
        "navigate",
        "handleNavigate",
        "task",
        "queryParams",
        "URLSearchParams",
        "title",
        "description",
        "toString",
        "map",
        "isCompleted",
        "id",
        "_c",
        "$RefreshReg$"
      ],
      "ignoreList": [],
      "sources": [
        "/home/daniel/Documentos/aulas/react/em2horas/src/components/Tasks.tsx"
      ],
      "file": "/home/daniel/Documentos/aulas/react/em2horas/src/components/Tasks.tsx"
    },
    "_coverageSchema": "1a1c01bbd47fc00a2c39e90264f33305004495a9",
    "hash": "8c4842886d32ef8521dc8f0cb358ab712ca2a506"
  },
  "/home/daniel/Documentos/aulas/react/em2horas/src/components/Title.tsx": {
    "path": "/home/daniel/Documentos/aulas/react/em2horas/src/components/Title.tsx",
    "statementMap": {
      "0": {
        "start": {
          "line": 3,
          "column": 20
        },
        "end": {
          "line": 3,
          "column": 97
        }
      },
      "1": {
        "start": {
          "line": 6,
          "column": 0
        },
        "end": {
          "line": 16,
          "column": 1
        }
      },
      "2": {
        "start": {
          "line": 7,
          "column": 2
        },
        "end": {
          "line": 11,
          "column": 3
        }
      },
      "3": {
        "start": {
          "line": 8,
          "column": 4
        },
        "end": {
          "line": 10,
          "column": 6
        }
      },
      "4": {
        "start": {
          "line": 12,
          "column": 2
        },
        "end": {
          "line": 12,
          "column": 39
        }
      },
      "5": {
        "start": {
          "line": 13,
          "column": 2
        },
        "end": {
          "line": 13,
          "column": 39
        }
      },
      "6": {
        "start": {
          "line": 14,
          "column": 2
        },
        "end": {
          "line": 14,
          "column": 126
        }
      },
      "7": {
        "start": {
          "line": 15,
          "column": 2
        },
        "end": {
          "line": 15,
          "column": 75
        }
      },
      "8": {
        "start": {
          "line": 17,
          "column": 14
        },
        "end": {
          "line": 23,
          "column": 1
        }
      },
      "9": {
        "start": {
          "line": 18,
          "column": 2
        },
        "end": {
          "line": 22,
          "column": 11
        }
      },
      "10": {
        "start": {
          "line": 24,
          "column": 0
        },
        "end": {
          "line": 24,
          "column": 11
        }
      },
      "11": {
        "start": {
          "line": 27,
          "column": 0
        },
        "end": {
          "line": 27,
          "column": 26
        }
      },
      "12": {
        "start": {
          "line": 28,
          "column": 0
        },
        "end": {
          "line": 31,
          "column": 1
        }
      },
      "13": {
        "start": {
          "line": 29,
          "column": 2
        },
        "end": {
          "line": 29,
          "column": 39
        }
      },
      "14": {
        "start": {
          "line": 30,
          "column": 2
        },
        "end": {
          "line": 30,
          "column": 39
        }
      },
      "15": {
        "start": {
          "line": 32,
          "column": 0
        },
        "end": {
          "line": 41,
          "column": 1
        }
      },
      "16": {
        "start": {
          "line": 33,
          "column": 2
        },
        "end": {
          "line": 40,
          "column": 5
        }
      },
      "17": {
        "start": {
          "line": 34,
          "column": 4
        },
        "end": {
          "line": 34,
          "column": 139
        }
      },
      "18": {
        "start": {
          "line": 35,
          "column": 4
        },
        "end": {
          "line": 39,
          "column": 7
        }
      },
      "19": {
        "start": {
          "line": 36,
          "column": 6
        },
        "end": {
          "line": 36,
          "column": 31
        }
      },
      "20": {
        "start": {
          "line": 36,
          "column": 24
        },
        "end": {
          "line": 36,
          "column": 31
        }
      },
      "21": {
        "start": {
          "line": 37,
          "column": 32
        },
        "end": {
          "line": 37,
          "column": 188
        }
      },
      "22": {
        "start": {
          "line": 38,
          "column": 6
        },
        "end": {
          "line": 38,
          "column": 75
        }
      },
      "23": {
        "start": {
          "line": 38,
          "column": 29
        },
        "end": {
          "line": 38,
          "column": 75
        }
      }
    },
    "fnMap": {
      "0": {
        "name": "(anonymous_0)",
        "decl": {
          "start": {
            "line": 17,
            "column": 14
          },
          "end": {
            "line": 17,
            "column": 15
          }
        },
        "loc": {
          "start": {
            "line": 17,
            "column": 42
          },
          "end": {
            "line": 23,
            "column": 1
          }
        },
        "line": 17
      },
      "1": {
        "name": "(anonymous_1)",
        "decl": {
          "start": {
            "line": 33,
            "column": 52
          },
          "end": {
            "line": 33,
            "column": 53
          }
        },
        "loc": {
          "start": {
            "line": 33,
            "column": 72
          },
          "end": {
            "line": 40,
            "column": 3
          }
        },
        "line": 33
      },
      "2": {
        "name": "(anonymous_2)",
        "decl": {
          "start": {
            "line": 35,
            "column": 27
          },
          "end": {
            "line": 35,
            "column": 28
          }
        },
        "loc": {
          "start": {
            "line": 35,
            "column": 44
          },
          "end": {
            "line": 39,
            "column": 5
          }
        },
        "line": 35
      }
    },
    "branchMap": {
      "0": {
        "loc": {
          "start": {
            "line": 3,
            "column": 20
          },
          "end": {
            "line": 3,
            "column": 97
          }
        },
        "type": "binary-expr",
        "locations": [
          {
            "start": {
              "line": 3,
              "column": 20
            },
            "end": {
              "line": 3,
              "column": 60
            }
          },
          {
            "start": {
              "line": 3,
              "column": 64
            },
            "end": {
              "line": 3,
              "column": 97
            }
          }
        ],
        "line": 3
      },
      "1": {
        "loc": {
          "start": {
            "line": 6,
            "column": 0
          },
          "end": {
            "line": 16,
            "column": 1
          }
        },
        "type": "if",
        "locations": [
          {
            "start": {
              "line": 6,
              "column": 0
            },
            "end": {
              "line": 16,
              "column": 1
            }
          },
          {
            "start": {},
            "end": {}
          }
        ],
        "line": 6
      },
      "2": {
        "loc": {
          "start": {
            "line": 6,
            "column": 4
          },
          "end": {
            "line": 6,
            "column": 35
          }
        },
        "type": "binary-expr",
        "locations": [
          {
            "start": {
              "line": 6,
              "column": 4
            },
            "end": {
              "line": 6,
              "column": 19
            }
          },
          {
            "start": {
              "line": 6,
              "column": 23
            },
            "end": {
              "line": 6,
              "column": 35
            }
          }
        ],
        "line": 6
      },
      "3": {
        "loc": {
          "start": {
            "line": 7,
            "column": 2
          },
          "end": {
            "line": 11,
            "column": 3
          }
        },
        "type": "if",
        "locations": [
          {
            "start": {
              "line": 7,
              "column": 2
            },
            "end": {
              "line": 11,
              "column": 3
            }
          },
          {
            "start": {},
            "end": {}
          }
        ],
        "line": 7
      },
      "4": {
        "loc": {
          "start": {
            "line": 28,
            "column": 0
          },
          "end": {
            "line": 31,
            "column": 1
          }
        },
        "type": "if",
        "locations": [
          {
            "start": {
              "line": 28,
              "column": 0
            },
            "end": {
              "line": 31,
              "column": 1
            }
          },
          {
            "start": {},
            "end": {}
          }
        ],
        "line": 28
      },
      "5": {
        "loc": {
          "start": {
            "line": 28,
            "column": 4
          },
          "end": {
            "line": 28,
            "column": 35
          }
        },
        "type": "binary-expr",
        "locations": [
          {
            "start": {
              "line": 28,
              "column": 4
            },
            "end": {
              "line": 28,
              "column": 19
            }
          },
          {
            "start": {
              "line": 28,
              "column": 23
            },
            "end": {
              "line": 28,
              "column": 35
            }
          }
        ],
        "line": 28
      },
      "6": {
        "loc": {
          "start": {
            "line": 32,
            "column": 0
          },
          "end": {
            "line": 41,
            "column": 1
          }
        },
        "type": "if",
        "locations": [
          {
            "start": {
              "line": 32,
              "column": 0
            },
            "end": {
              "line": 41,
              "column": 1
            }
          },
          {
            "start": {},
            "end": {}
          }
        ],
        "line": 32
      },
      "7": {
        "loc": {
          "start": {
            "line": 32,
            "column": 4
          },
          "end": {
            "line": 32,
            "column": 35
          }
        },
        "type": "binary-expr",
        "locations": [
          {
            "start": {
              "line": 32,
              "column": 4
            },
            "end": {
              "line": 32,
              "column": 19
            }
          },
          {
            "start": {
              "line": 32,
              "column": 23
            },
            "end": {
              "line": 32,
              "column": 35
            }
          }
        ],
        "line": 32
      },
      "8": {
        "loc": {
          "start": {
            "line": 36,
            "column": 6
          },
          "end": {
            "line": 36,
            "column": 31
          }
        },
        "type": "if",
        "locations": [
          {
            "start": {
              "line": 36,
              "column": 6
            },
            "end": {
              "line": 36,
              "column": 31
            }
          },
          {
            "start": {},
            "end": {}
          }
        ],
        "line": 36
      },
      "9": {
        "loc": {
          "start": {
            "line": 38,
            "column": 6
          },
          "end": {
            "line": 38,
            "column": 75
          }
        },
        "type": "if",
        "locations": [
          {
            "start": {
              "line": 38,
              "column": 6
            },
            "end": {
              "line": 38,
              "column": 75
            }
          },
          {
            "start": {},
            "end": {}
          }
        ],
        "line": 38
      }
    },
    "s": {
      "0": 6,
      "1": 6,
      "2": 6,
      "3": 0,
      "4": 6,
      "5": 6,
      "6": 6,
      "7": 6,
      "8": 6,
      "9": 30,
      "10": 6,
      "11": 6,
      "12": 6,
      "13": 6,
      "14": 6,
      "15": 6,
      "16": 6,
      "17": 6,
      "18": 6,
      "19": 0,
      "20": 0,
      "21": 0,
      "22": 0,
      "23": 0
    },
    "f": {
      "0": 30,
      "1": 6,
      "2": 0
    },
    "b": {
      "0": [
        6,
        0
      ],
      "1": [
        6,
        0
      ],
      "2": [
        6,
        6
      ],
      "3": [
        0,
        6
      ],
      "4": [
        6,
        0
      ],
      "5": [
        6,
        6
      ],
      "6": [
        6,
        0
      ],
      "7": [
        6,
        6
      ],
      "8": [
        0,
        0
      ],
      "9": [
        0,
        0
      ]
    },
    "inputSourceMap": {
      "version": 3,
      "mappings": "AASW;;;;;;;;;;;;;;;;AADX,MAAMA,QAA6BA,CAAC,EAACC,UAAU,GAAGC,MAAiB,MAAK;AACpE,SAAO,uBAAC,QAAG,WAAU,iDAAgD,GAAIA,OAAQD,YAA1E;AAAA;AAAA;AAAA;AAAA,SAAmF;AAC9F;AAACE,KAFKH;AAIN,eAAeA;AAAK,IAAAG;AAAAC,aAAAD,IAAA",
      "names": [
        "Title",
        "children",
        "props",
        "_c",
        "$RefreshReg$"
      ],
      "ignoreList": [],
      "sources": [
        "/home/daniel/Documentos/aulas/react/em2horas/src/components/Title.tsx"
      ],
      "file": "/home/daniel/Documentos/aulas/react/em2horas/src/components/Title.tsx"
    },
    "_coverageSchema": "1a1c01bbd47fc00a2c39e90264f33305004495a9",
    "hash": "bd7b2144964ec04394656ac467348dc6014e3008"
  },
  "/home/daniel/Documentos/aulas/react/em2horas/src/App.tsx": {
[...]
      "names": [
        "useEffect",
        "useState",
        "AddTasks",
        "Tasks",
        "v4",
        "Title",
        "App",
        "_s",
        "tasks",
        "setTasks",
        "storedTasks",
        "localStorage",
        "getItem",
        "JSON",
        "parse",
        "setItem",
        "stringify",
        "onTaskChecked",
        "id",
        "updatedTasks",
        "map",
        "t",
        "isCompleted",
        "onTaskDelete",
        "deleteTasks",
        "filter",
        "onTaskAdd",
        "title",
        "description",
        "newTask",
        "_c",
        "$RefreshReg$"
      ],
      "ignoreList": [],
      "sources": [
        "/home/daniel/Documentos/aulas/react/em2horas/src/App.tsx"
      ],
      "file": "/home/daniel/Documentos/aulas/react/em2horas/src/App.tsx"
    },
    "_coverageSchema": "1a1c01bbd47fc00a2c39e90264f33305004495a9",
    "hash": "0e8b27a9fb8e9339be4d139c54369fab9cded783"
  },
  "/home/daniel/Documentos/aulas/react/em2horas/src/pages/taskPages.tsx": {
    "path": "/home/daniel/Documentos/aulas/react/em2horas/src/pages/taskPages.tsx",
    "statementMap": {
      "0": {
        "start": {
          "line": 3,
          "column": 20
        },
        "end": {
          "line": 3,
          "column": 97
        }
      },
      "1": {
        "start": {
          "line": 6,
          "column": 0
        },
        "end": {
          "line": 16,
          "column": 1
        }
      },
      "2": {
        "start": {
          "line": 7,
          "column": 2
        },
        "end": {
          "line": 11,
          "column": 3
        }
      },
      "3": {
        "start": {
          "line": 8,
          "column": 4
        },
        "end": {
          "line": 10,
          "column": 6
        }
      },
      "4": {
        "start": {
          "line": 12,
          "column": 2
        },
        "end": {
          "line": 12,
          "column": 39
        }
      },
      "5": {
        "start": {
          "line": 13,
          "column": 2
        },
        "end": {
          "line": 13,
          "column": 39
        }
      },
      "6": {
        "start": {
          "line": 14,
          "column": 2
        },
        "end": {
          "line": 14,
          "column": 125
        }
      },
      "7": {
        "start": {
          "line": 15,
          "column": 2
        },
        "end": {
          "line": 15,
          "column": 75
        }
      },
      "8": {
        "start": {
          "line": 17,
          "column": 9
        },
        "end": {
          "line": 17,
          "column": 23
        }
      },
      "9": {
        "start": {
          "line": 22,
          "column": 18
        },
        "end": {
          "line": 77,
          "column": 1
        }
      },
      "10": {
        "start": {
          "line": 23,
          "column": 2
        },
        "end": {
          "line": 23,
          "column": 7
        }
      },
      "11": {
        "start": {
          "line": 24,
          "column": 25
        },
        "end": {
          "line": 24,
          "column": 42
        }
      },
      "12": {
        "start": {
          "line": 25,
          "column": 16
        },
        "end": {
          "line": 25,
          "column": 41
        }
      },
      "13": {
        "start": {
          "line": 26,
          "column": 22
        },
        "end": {
          "line": 26,
          "column": 53
        }
      },
      "14": {
        "start": {
          "line": 27,
          "column": 19
        },
        "end": {
          "line": 27,
          "column": 32
        }
      },
      "15": {
        "start": {
          "line": 28,
          "column": 2
        },
        "end": {
          "line": 76,
          "column": 11
        }
      },
      "16": {
        "start": {
          "line": 30,
          "column": 61
        },
        "end": {
          "line": 30,
          "column": 73
        }
      },
      "17": {
        "start": {
          "line": 78,
          "column": 0
        },
        "end": {
          "line": 80,
          "column": 3
        }
      },
      "18": {
        "start": {
          "line": 79,
          "column": 2
        },
        "end": {
          "line": 79,
          "column": 40
        }
      },
      "19": {
        "start": {
          "line": 81,
          "column": 0
        },
        "end": {
          "line": 81,
          "column": 15
        }
      },
      "20": {
        "start": {
          "line": 84,
          "column": 0
        },
        "end": {
          "line": 84,
          "column": 30
        }
      },
      "21": {
        "start": {
          "line": 85,
          "column": 0
        },
        "end": {
          "line": 88,
          "column": 1
        }
      },
      "22": {
        "start": {
          "line": 86,
          "column": 2
        },
        "end": {
          "line": 86,
          "column": 39
        }
      },
      "23": {
        "start": {
          "line": 87,
          "column": 2
        },
        "end": {
          "line": 87,
          "column": 39
        }
      },
      "24": {
        "start": {
          "line": 89,
          "column": 0
        },
        "end": {
          "line": 98,
          "column": 1
        }
      },
      "25": {
        "start": {
          "line": 90,
          "column": 2
        },
        "end": {
          "line": 97,
          "column": 5
        }
      },
      "26": {
        "start": {
          "line": 91,
          "column": 4
        },
        "end": {
          "line": 91,
          "column": 138
        }
      },
      "27": {
        "start": {
          "line": 92,
          "column": 4
        },
        "end": {
          "line": 96,
          "column": 7
        }
      },
      "28": {
        "start": {
          "line": 93,
          "column": 6
        },
        "end": {
          "line": 93,
          "column": 31
        }
      },
      "29": {
        "start": {
          "line": 93,
          "column": 24
        },
        "end": {
          "line": 93,
          "column": 31
        }
      },
      "30": {
        "start": {
          "line": 94,
          "column": 32
        },
        "end": {
          "line": 94,
          "column": 187
        }
      },
      "31": {
        "start": {
          "line": 95,
          "column": 6
        },
        "end": {
          "line": 95,
          "column": 75
        }
      },
      "32": {
        "start": {
          "line": 95,
          "column": 29
        },
        "end": {
          "line": 95,
          "column": 75
        }
      }
    },
    "fnMap": {
      "0": {
        "name": "(anonymous_0)",
        "decl": {
          "start": {
            "line": 22,
            "column": 18
          },
          "end": {
            "line": 22,
            "column": 19
          }
        },
        "loc": {
          "start": {
            "line": 22,
            "column": 24
          },
          "end": {
            "line": 77,
            "column": 1
          }
        },
        "line": 22
      },
      "1": {
        "name": "(anonymous_1)",
        "decl": {
          "start": {
            "line": 30,
            "column": 55
          },
          "end": {
            "line": 30,
            "column": 56
          }
        },
        "loc": {
          "start": {
            "line": 30,
            "column": 61
          },
          "end": {
            "line": 30,
            "column": 73
          }
        },
        "line": 30
      },
      "2": {
        "name": "(anonymous_2)",
        "decl": {
          "start": {
            "line": 78,
            "column": 53
          },
          "end": {
            "line": 78,
            "column": 54
          }
        },
        "loc": {
          "start": {
            "line": 78,
            "column": 64
          },
          "end": {
            "line": 80,
            "column": 1
          }
        },
        "line": 78
      },
      "3": {
        "name": "(anonymous_3)",
        "decl": {
          "start": {
            "line": 90,
            "column": 52
          },
          "end": {
            "line": 90,
            "column": 53
          }
        },
        "loc": {
          "start": {
            "line": 90,
            "column": 72
          },
          "end": {
            "line": 97,
            "column": 3
          }
        },
        "line": 90
      },
      "4": {
        "name": "(anonymous_4)",
        "decl": {
          "start": {
            "line": 92,
            "column": 27
          },
          "end": {
            "line": 92,
            "column": 28
          }
        },
        "loc": {
          "start": {
            "line": 92,
            "column": 44
          },
          "end": {
            "line": 96,
            "column": 5
          }
        },
        "line": 92
      }
    },
    "branchMap": {
      "0": {
        "loc": {
          "start": {
            "line": 3,
            "column": 20
          },
          "end": {
            "line": 3,
            "column": 97
          }
        },
        "type": "binary-expr",
        "locations": [
          {
            "start": {
              "line": 3,
              "column": 20
            },
            "end": {
              "line": 3,
              "column": 60
            }
          },
          {
            "start": {
              "line": 3,
              "column": 64
            },
            "end": {
              "line": 3,
              "column": 97
            }
          }
        ],
        "line": 3
      },
      "1": {
        "loc": {
          "start": {
            "line": 6,
            "column": 0
          },
          "end": {
            "line": 16,
            "column": 1
          }
        },
        "type": "if",
        "locations": [
          {
            "start": {
              "line": 6,
              "column": 0
            },
            "end": {
              "line": 16,
              "column": 1
            }
          },
          {
            "start": {},
            "end": {}
          }
        ],
        "line": 6
      },
      "2": {
        "loc": {
          "start": {
            "line": 6,
            "column": 4
          },
          "end": {
            "line": 6,
            "column": 35
          }
        },
        "type": "binary-expr",
        "locations": [
          {
            "start": {
              "line": 6,
              "column": 4
            },
            "end": {
              "line": 6,
              "column": 19
            }
          },
          {
            "start": {
              "line": 6,
              "column": 23
            },
            "end": {
              "line": 6,
              "column": 35
            }
          }
        ],
        "line": 6
      },
      "3": {
        "loc": {
          "start": {
            "line": 7,
            "column": 2
          },
          "end": {
            "line": 11,
            "column": 3
          }
        },
        "type": "if",
        "locations": [
          {
            "start": {
              "line": 7,
              "column": 2
            },
            "end": {
              "line": 11,
              "column": 3
            }
          },
          {
            "start": {},
            "end": {}
          }
        ],
        "line": 7
      },
      "4": {
        "loc": {
          "start": {
            "line": 85,
            "column": 0
          },
          "end": {
            "line": 88,
            "column": 1
          }
        },
        "type": "if",
        "locations": [
          {
            "start": {
              "line": 85,
              "column": 0
            },
            "end": {
              "line": 88,
              "column": 1
            }
          },
          {
            "start": {},
            "end": {}
          }
        ],
        "line": 85
      },
      "5": {
        "loc": {
          "start": {
            "line": 85,
            "column": 4
          },
          "end": {
            "line": 85,
            "column": 35
          }
        },
        "type": "binary-expr",
        "locations": [
          {
            "start": {
              "line": 85,
              "column": 4
            },
            "end": {
              "line": 85,
              "column": 19
            }
          },
          {
            "start": {
              "line": 85,
              "column": 23
            },
            "end": {
              "line": 85,
              "column": 35
            }
          }
        ],
        "line": 85
      },
      "6": {
        "loc": {
          "start": {
            "line": 89,
            "column": 0
          },
          "end": {
            "line": 98,
            "column": 1
          }
        },
        "type": "if",
        "locations": [
          {
            "start": {
              "line": 89,
              "column": 0
            },
            "end": {
              "line": 98,
              "column": 1
            }
          },
          {
            "start": {},
            "end": {}
          }
        ],
        "line": 89
      },
      "7": {
        "loc": {
          "start": {
            "line": 89,
            "column": 4
          },
          "end": {
            "line": 89,
            "column": 35
          }
        },
        "type": "binary-expr",
        "locations": [
          {
            "start": {
              "line": 89,
              "column": 4
            },
            "end": {
              "line": 89,
              "column": 19
            }
          },
          {
            "start": {
              "line": 89,
              "column": 23
            },
            "end": {
              "line": 89,
              "column": 35
            }
          }
        ],
        "line": 89
      },
      "8": {
        "loc": {
          "start": {
            "line": 93,
            "column": 6
          },
          "end": {
            "line": 93,
            "column": 31
          }
        },
        "type": "if",
        "locations": [
          {
            "start": {
              "line": 93,
              "column": 6
            },
            "end": {
              "line": 93,
              "column": 31
            }
          },
          {
            "start": {},
            "end": {}
          }
        ],
        "line": 93
      },
      "9": {
        "loc": {
          "start": {
            "line": 95,
            "column": 6
          },
          "end": {
            "line": 95,
            "column": 75
          }
        },
        "type": "if",
        "locations": [
          {
            "start": {
              "line": 95,
              "column": 6
            },
            "end": {
              "line": 95,
              "column": 75
            }
          },
          {
            "start": {},
            "end": {}
          }
        ],
        "line": 95
      }
    },
    "s": {
      "0": 6,
      "1": 6,
      "2": 6,
      "3": 0,
      "4": 6,
      "5": 6,
      "6": 6,
      "7": 6,
      "8": 6,
      "9": 6,
      "10": 4,
      "11": 4,
      "12": 4,
      "13": 4,
      "14": 4,
      "15": 4,
      "16": 1,
      "17": 6,
      "18": 2,
      "19": 6,
      "20": 6,
      "21": 6,
      "22": 6,
      "23": 6,
      "24": 6,
      "25": 6,
      "26": 6,
      "27": 6,
      "28": 0,
      "29": 0,
      "30": 0,
      "31": 0,
      "32": 0
    },
    "f": {
      "0": 4,
      "1": 1,
      "2": 2,
      "3": 6,
      "4": 0
    },
    "b": {
      "0": [
        6,
        0
      ],
      "1": [
        6,
        0
      ],
      "2": [
        6,
        6
      ],
      "3": [
        0,
        6
      ],
      "4": [
        6,
        0
      ],
      "5": [
        6,
        6
      ],
      "6": [
        6,
        0
      ],
      "7": [
        6,
        6
      ],
      "8": [
        0,
        0
      ],
      "9": [
        0,
        0
      ]
    },
    "inputSourceMap": {
      "version": 3,
      "mappings": "AAiB2H;;;;;;;;;;;;;;;;;AAjB3H,SAASA,uBAAuB;AAChC,SAASC,aAAaC,uBAAuB;AAC7C,OAAOC,WAAW;AAClB,OAAOC,mBAAmB;AAG1B,MAAMC,YAAYA,MAAM;AAAAC,KAAA;AACpB,QAAM,CAACC,YAAY,IAAIL,gBAAgB;AACvC,QAAMM,QAAQD,aAAaE,IAAI,OAAO;AACtC,QAAMC,cAAcH,aAAaE,IAAI,aAAa;AAClD,QAAME,WAAWV,YAAY;AAG7B,SACI,uBAAC,SAAI,WAAU,sCACX,iCAAC,SAAI,WAAU,uBACX;AAAA,2BAAC,SAAI,WAAU,gCACX;AAAA,6BAAC,iBAAc,SAAS,MAAMU,SAAS,EAAE,GAAG,WAAU,kDAAiD;AAAA,+BAAC,qBAAD;AAAA;AAAA;AAAA;AAAA,eAAgB;AAAA,QAAG;AAAA,WAA1H;AAAA;AAAA;AAAA;AAAA,aAA2H;AAAA,MAC3H,uBAAC,SAAM,kCAAP;AAAA;AAAA;AAAA;AAAA,aAAyB;AAAA,SAF7B;AAAA;AAAA;AAAA;AAAA,WAGC;AAAA,IACD,uBAAC,SAAI,WAAU,sCACX;AAAA,6BAAC,QAAG,WAAU,0CAA0CH,mBAAxD;AAAA;AAAA;AAAA;AAAA,aAA8D;AAAA,MAC9D,uBAAC,OAAE,WAAU,kBAAkBE,yBAA/B;AAAA;AAAA;AAAA;AAAA,aAA2C;AAAA,SAF/C;AAAA;AAAA;AAAA;AAAA,WAGA;AAAA,OARJ;AAAA;AAAA;AAAA;AAAA,SASA,KAVJ;AAAA;AAAA;AAAA;AAAA,SAWA;AAER;AAAEJ,GArBID,WAAS;AAAA,UACYH,iBAGND,WAAW;AAAA;AAAAW,KAJ1BP;AAuBN,eAAeA;AAAU,IAAAO;AAAAC,aAAAD,IAAA",
      "names": [
        "ChevronLeftIcon",
        "useNavigate",
        "useSearchParams",
        "Title",
        "GenericButton",
        "TaskPages",
        "_s",
        "searchParams",
        "title",
        "get",
        "description",
        "navigate",
        "_c",
        "$RefreshReg$"
      ],
      "ignoreList": [],
      "sources": [
        "/home/daniel/Documentos/aulas/react/em2horas/src/pages/taskPages.tsx"
      ],
      "file": "/home/daniel/Documentos/aulas/react/em2horas/src/pages/taskPages.tsx"
    },
    "_coverageSchema": "1a1c01bbd47fc00a2c39e90264f33305004495a9",
    "hash": "ba566430d769344dcc1743cd6c7b3fad62efb3b9"
  },
  "/home/daniel/Documentos/aulas/react/em2horas/src/main.tsx": {
    "path": "/home/daniel/Documentos/aulas/react/em2horas/src/main.tsx",
    "statementMap": {
      "0": {
        "start": {
          "line": 8,
          "column": 22
        },
        "end": {
          "line": 21,
          "column": 1
        }
      },
      "1": {
        "start": {
          "line": 22,
          "column": 0
        },
        "end": {
          "line": 32,
          "column": 2
        }
      }
    },
    "fnMap": {},
    "branchMap": {},
    "s": {
      "0": 6,
      "1": 6
    },
    "f": {},
    "b": {},
    "inputSourceMap": {
      "version": 3,
      "mappings": "AASyB;AATzB,SAASA,kBAAkB;AAC3B,SAASC,kBAAkB;AAC3B,OAAOC,SAAS;AAChB,OAAO;AACP,SAASC,qBAAqBC,sBAAsB;AACpD,OAAOC,eAAe;AAGtB,MAAMC,gBAAgBH;AAAAA,EAAoB;AAAA,IACxC,EAAEI,MAAM,MAAMC,SAAS,uBAAC,SAAD;AAAA;AAAA;AAAA;AAAA,WAAI,EAAI;AAAA,IAC/B,EAACD,MAAM,UAAUC,SAAS,uBAAC,eAAD;AAAA;AAAA;AAAA;AAAA,WAAU,EAAI;AAAA,EAAC;AAC1C;AAGDP,WAAWQ,SAASC,eAAe,MAAM,CAAE,EAAEC;AAAAA,EAC3C,uBAAC,cAEC,iCAAC,kBAAe,QAAQL,iBAAxB;AAAA;AAAA;AAAA;AAAA,SAAsC,KAFxC;AAAA;AAAA;AAAA;AAAA,SAGA;AACF",
      "names": [
        "StrictMode",
        "createRoot",
        "App",
        "createBrowserRouter",
        "RouterProvider",
        "TaskPages",
        "BrowserRouter",
        "path",
        "element",
        "document",
        "getElementById",
        "render"
      ],
      "ignoreList": [],
      "sources": [
        "/home/daniel/Documentos/aulas/react/em2horas/src/main.tsx"
      ],
      "file": "/home/daniel/Documentos/aulas/react/em2horas/src/main.tsx"
    },
    "_coverageSchema": "1a1c01bbd47fc00a2c39e90264f33305004495a9",
    "hash": "28c9d3bc053c4d8bdd8014acaf97f000cd092fed"
  }
}