{
  "/home/daniel/Documentos/aulas/react/em2horas/src/components/InputTasks.js": {
    "path": "/home/daniel/Documentos/aulas/react/em2horas/src/components/InputTasks.js",
    "statementMap": {
      "0": {
        "start": {
          "line": 2,
          "column": 20
        },
        "end": {
          "line": 2,
          "column": 97
        }
      },
      "1": {
        "start": {
          "line": 7,
          "column": 0
        },
        "end": {
          "line": 18,
          "column": 1
        }
      },
      "2": {
        "start": {
          "line": 8,
          "column": 2
        },
        "end": {
          "line": 12,
          "column": 3
        }
      },
      "3": {
        "start": {
          "line": 9,
          "column": 4
        },
        "end": {
          "line": 11,
          "column": 6
        }
      },
      "4": {
        "start": {
          "line": 14,
          "column": 2
        },
        "end": {
          "line": 14,
          "column": 39
        }
      },
      "5": {
        "start": {
          "line": 15,
          "column": 2
        },
        "end": {
          "line": 15,
          "column": 39
        }
      },
      "6": {
        "start": {
          "line": 16,
          "column": 2
        },
        "end": {
          "line": 16,
          "column": 130
        }
      },
      "7": {
        "start": {
          "line": 17,
          "column": 2
        },
        "end": {
          "line": 17,
          "column": 75
        }
      },
      "8": {
        "start": {
          "line": 21,
          "column": 19
        },
        "end": {
          "line": 29,
          "column": 1
        }
      },
      "9": {
        "start": {
          "line": 24,
          "column": 2
        },
        "end": {
          "line": 28,
          "column": 5
        }
      },
      "10": {
        "start": {
          "line": 30,
          "column": 0
        },
        "end": {
          "line": 30,
          "column": 16
        }
      },
      "11": {
        "start": {
          "line": 33,
          "column": 0
        },
        "end": {
          "line": 33,
          "column": 31
        }
      },
      "12": {
        "start": {
          "line": 35,
          "column": 0
        },
        "end": {
          "line": 38,
          "column": 1
        }
      },
      "13": {
        "start": {
          "line": 36,
          "column": 2
        },
        "end": {
          "line": 36,
          "column": 39
        }
      },
      "14": {
        "start": {
          "line": 37,
          "column": 2
        },
        "end": {
          "line": 37,
          "column": 39
        }
      },
      "15": {
        "start": {
          "line": 41,
          "column": 0
        },
        "end": {
          "line": 50,
          "column": 1
        }
      },
      "16": {
        "start": {
          "line": 42,
          "column": 2
        },
        "end": {
          "line": 49,
          "column": 5
        }
      },
      "17": {
        "start": {
          "line": 43,
          "column": 4
        },
        "end": {
          "line": 43,
          "column": 143
        }
      },
      "18": {
        "start": {
          "line": 44,
          "column": 4
        },
        "end": {
          "line": 48,
          "column": 7
        }
      },
      "19": {
        "start": {
          "line": 45,
          "column": 6
        },
        "end": {
          "line": 45,
          "column": 31
        }
      },
      "20": {
        "start": {
          "line": 45,
          "column": 24
        },
        "end": {
          "line": 45,
          "column": 31
        }
      },
      "21": {
        "start": {
          "line": 46,
          "column": 32
        },
        "end": {
          "line": 46,
          "column": 192
        }
      },
      "22": {
        "start": {
          "line": 47,
          "column": 6
        },
        "end": {
          "line": 47,
          "column": 75
        }
      },
      "23": {
        "start": {
          "line": 47,
          "column": 29
        },
        "end": {
          "line": 47,
          "column": 75
        }
      }
    },
    "fnMap": {
      "0": {
        "name": "(anonymous_0)",
        "decl": {
          "start": {
            "line": 21,
            "column": 19
          },
          "end": {
            "line": 21,
            "column": 20
          }
        },
        "loc": {
          "start": {
            "line": 23,
            "column": 6
          },
          "end": {
            "line": 29,
            "column": 1
          }
        },
        "line": 23
      },
      "1": {
        "name": "(anonymous_1)",
        "decl": {
          "start": {
            "line": 42,
            "column": 52
          },
          "end": {
            "line": 42,
            "column": 53
          }
        },
        "loc": {
          "start": {
            "line": 42,
            "column": 72
          },
          "end": {
            "line": 49,
            "column": 3
          }
        },
        "line": 42
      },
      "2": {
        "name": "(anonymous_2)",
        "decl": {
          "start": {
            "line": 44,
            "column": 27
          },
          "end": {
            "line": 44,
            "column": 28
          }
        },
        "loc": {
          "start": {
            "line": 44,
            "column": 44
          },
          "end": {
            "line": 48,
            "column": 5
          }
        },
        "line": 44
      }
    },
    "branchMap": {
      "0": {
        "loc": {
          "start": {
            "line": 2,
            "column": 20
          },
          "end": {
            "line": 2,
            "column": 97
          }
        },
        "type": "binary-expr",
        "locations": [
          {
            "start": {
              "line": 2,
              "column": 20
            },
            "end": {
              "line": 2,
              "column": 60
            }
          },
          {
            "start": {
              "line": 2,
              "column": 64
            },
            "end": {
              "line": 2,
              "column": 97
            }
          }
        ],
        "line": 2
      },
      "1": {
        "loc": {
          "start": {
            "line": 7,
            "column": 0
          },
          "end": {
            "line": 18,
            "column": 1
          }
        },
        "type": "if",
        "locations": [
          {
            "start": {
              "line": 7,
              "column": 0
            },
            "end": {
              "line": 18,
              "column": 1
            }
          },
          {
            "start": {},
            "end": {}
          }
        ],
        "line": 7
      },
      "2": {
        "loc": {
          "start": {
            "line": 7,
            "column": 4
          },
          "end": {
            "line": 7,
            "column": 35
          }
        },
        "type": "binary-expr",
        "locations": [
          {
            "start": {
              "line": 7,
              "column": 4
            },
            "end": {
              "line": 7,
              "column": 19
            }
          },
          {
            "start": {
              "line": 7,
              "column": 23
            },
            "end": {
              "line": 7,
              "column": 35
            }
          }
        ],
        "line": 7
      },
      "3": {
        "loc": {
          "start": {
            "line": 8,
            "column": 2
          },
          "end": {
            "line": 12,
            "column": 3
          }
        },
        "type": "if",
        "locations": [
          {
            "start": {
              "line": 8,
              "column": 2
            },
            "end": {
              "line": 12,
              "column": 3
            }
          },
          {
            "start": {},
            "end": {}
          }
        ],
        "line": 8
      },
      "4": {
        "loc": {
          "start": {
            "line": 35,
            "column": 0
          },
          "end": {
            "line": 38,
            "column": 1
          }
        },
        "type": "if",
        "locations": [
          {
            "start": {
              "line": 35,
              "column": 0
            },
            "end": {
              "line": 38,
              "column": 1
            }
          },
          {
            "start": {},
            "end": {}
          }
        ],
        "line": 35
      },
      "5": {
        "loc": {
          "start": {
            "line": 35,
            "column": 4
          },
          "end": {
            "line": 35,
            "column": 35
          }
        },
        "type": "binary-expr",
        "locations": [
          {
            "start": {
              "line": 35,
              "column": 4
            },
            "end": {
              "line": 35,
              "column": 19
            }
          },
          {
            "start": {
              "line": 35,
              "column": 23
            },
            "end": {
              "line": 35,
              "column": 35
            }
          }
        ],
        "line": 35
      },
      "6": {
        "loc": {
          "start": {
            "line": 41,
            "column": 0
          },
          "end": {
            "line": 50,
            "column": 1
          }
        },
        "type": "if",
        "locations": [
          {
            "start": {
              "line": 41,
              "column": 0
            },
            "end": {
              "line": 50,
              "column": 1
            }
          },
          {
            "start": {},
            "end": {}
          }
        ],
        "line": 41
      },
      "7": {
        "loc": {
          "start": {
            "line": 41,
            "column": 4
          },
          "end": {
            "line": 41,
            "column": 35
          }
        },
        "type": "binary-expr",
        "locations": [
          {
            "start": {
              "line": 41,
              "column": 4
            },
            "end": {
              "line": 41,
              "column": 19
            }
          },
          {
            "start": {
              "line": 41,
              "column": 23
            },
            "end": {
              "line": 41,
              "column": 35
            }
          }
        ],
        "line": 41
      },
      "8": {
        "loc": {
          "start": {
            "line": 45,
            "column": 6
          },
          "end": {
            "line": 45,
            "column": 31
          }
        },
        "type": "if",
        "locations": [
          {
            "start": {
              "line": 45,
              "column": 6
            },
            "end": {
              "line": 45,
              "column": 31
            }
          },
          {
            "start": {},
            "end": {}
          }
        ],
        "line": 45
      },
      "9": {
        "loc": {
          "start": {
            "line": 47,
            "column": 6
          },
          "end": {
            "line": 47,
            "column": 75
          }
        },
        "type": "if",
        "locations": [
          {
            "start": {
              "line": 47,
              "column": 6
            },
            "end": {
              "line": 47,
              "column": 75
            }
          },
          {
            "start": {},
            "end": {}
          }
        ],
        "line": 47
      }
    },
    "s": {
      "0": 6,
      "1": 6,
      "2": 6,
      "3": 0,
      "4": 6,
      "5": 6,
      "6": 6,
      "7": 6,
      "8": 6,
      "9": 1112,
      "10": 6,
      "11": 6,
      "12": 6,
      "13": 6,
      "14": 6,
      "15": 6,
      "16": 6,
      "17": 6,
      "18": 6,
      "19": 0,
      "20": 0,
      "21": 0,
      "22": 0,
      "23": 0
    },
    "f": {
      "0": 1112,
      "1": 6,
      "2": 0
    },
    "b": {
      "0": [
        6,
        0
      ],
      "1": [
        6,
        0
      ],
      "2": [
        6,
        6
      ],
      "3": [
        0,
        6
      ],
      "4": [
        6,
        0
      ],
      "5": [
        6,
        6
      ],
      "6": [
        6,
        0
      ],
      "7": [
        6,
        6
      ],
      "8": [
        0,
        0
      ],
      "9": [
        0,
        0
      ]
    },
    "inputSourceMap": {
      "version": 3,
      "names": [
        "jsx",
        "_jsx",
        "InputTasks",
        "props",
        "className",
        "type",
        "_c",
        "$RefreshReg$"
      ],
      "sources": [
        "/home/daniel/Documentos/aulas/react/em2horas/src/components/InputTasks.js"
      ],
      "mappings": ";;;;;;;;;;;;;;;;;;;AAAA,SAASA,GAAG,IAAIC,IAAI,QAAQ,mBAAmB;AAC/C,MAAMC,UAAU,GAAGA,CAAC;EAAE,GAAGC;AAAM,CAAC,KAAK;EACjC,OAAQF,IAAI,CAAC,OAAO,EAAE;IAAE,GAAGE,KAAK;IAAEC,SAAS,EAAE,gEAAgE;IAAEC,IAAI,EAAE;EAAO,CAAC,CAAC;AAClI,CAAC;AAACC,EAAA,GAFIJ,UAAU;AAGhB,eAAeA,UAAU;AAAC,IAAAI,EAAA;AAAAC,YAAA,CAAAD,EAAA",
      "ignoreList": []
    },
    "_coverageSchema": "1a1c01bbd47fc00a2c39e90264f33305004495a9",
    "hash": "cfe226d0593f0d5020adf883d26525e2f550b1fc"
  },
  "/home/daniel/Documentos/aulas/react/em2horas/src/components/GenericButton.js": {
    "path": "/home/daniel/Documentos/aulas/react/em2horas/src/components/GenericButton.js",
    "statementMap": {
      "0": {
        "start": {
          "line": 2,
          "column": 20
        },
        "end": {
          "line": 2,
          "column": 97
        }
      },
      "1": {
        "start": {
          "line": 7,
          "column": 0
        },
        "end": {
          "line": 18,
          "column": 1
        }
      },
      "2": {
        "start": {
          "line": 8,
          "column": 2
        },
        "end": {
          "line": 12,
          "column": 3
        }
      },
      "3": {
        "start": {
          "line": 9,
          "column": 4
        },
        "end": {
          "line": 11,
          "column": 6
        }
      },
      "4": {
        "start": {
          "line": 14,
          "column": 2
        },
        "end": {
          "line": 14,
          "column": 39
        }
      },
      "5": {
        "start": {
          "line": 15,
          "column": 2
        },
        "end": {
          "line": 15,
          "column": 39
        }
      },
      "6": {
        "start": {
          "line": 16,
          "column": 2
        },
        "end": {
          "line": 16,
          "column": 133
        }
      },
      "7": {
        "start": {
          "line": 17,
          "column": 2
        },
        "end": {
          "line": 17,
          "column": 75
        }
      },
      "8": {
        "start": {
          "line": 21,
          "column": 22
        },
        "end": {
          "line": 27,
          "column": 2
        }
      },
      "9": {
        "start": {
          "line": 24,
          "column": 6
        },
        "end": {
          "line": 27,
          "column": 2
        }
      },
      "10": {
        "start": {
          "line": 28,
          "column": 0
        },
        "end": {
          "line": 28,
          "column": 19
        }
      },
      "11": {
        "start": {
          "line": 31,
          "column": 0
        },
        "end": {
          "line": 31,
          "column": 34
        }
      },
      "12": {
        "start": {
          "line": 33,
          "column": 0
        },
        "end": {
          "line": 36,
          "column": 1
        }
      },
      "13": {
        "start": {
          "line": 34,
          "column": 2
        },
        "end": {
          "line": 34,
          "column": 39
        }
      },
      "14": {
        "start": {
          "line": 35,
          "column": 2
        },
        "end": {
          "line": 35,
          "column": 39
        }
      },
      "15": {
        "start": {
          "line": 39,
          "column": 0
        },
        "end": {
          "line": 48,
          "column": 1
        }
      },
      "16": {
        "start": {
          "line": 40,
          "column": 2
        },
        "end": {
          "line": 47,
          "column": 5
        }
      },
      "17": {
        "start": {
          "line": 41,
          "column": 4
        },
        "end": {
          "line": 41,
          "column": 146
        }
      },
      "18": {
        "start": {
          "line": 42,
          "column": 4
        },
        "end": {
          "line": 46,
          "column": 7
        }
      },
      "19": {
        "start": {
          "line": 43,
          "column": 6
        },
        "end": {
          "line": 43,
          "column": 31
        }
      },
      "20": {
        "start": {
          "line": 43,
          "column": 24
        },
        "end": {
          "line": 43,
          "column": 31
        }
      },
      "21": {
        "start": {
          "line": 44,
          "column": 32
        },
        "end": {
          "line": 44,
          "column": 195
        }
      },
      "22": {
        "start": {
          "line": 45,
          "column": 6
        },
        "end": {
          "line": 45,
          "column": 75
        }
      },
      "23": {
        "start": {
          "line": 45,
          "column": 29
        },
        "end": {
          "line": 45,
          "column": 75
        }
      }
    },
    "fnMap": {
      "0": {
        "name": "(anonymous_0)",
        "decl": {
          "start": {
            "line": 21,
            "column": 22
          },
          "end": {
            "line": 21,
            "column": 23
          }
        },
        "loc": {
          "start": {
            "line": 24,
            "column": 6
          },
          "end": {
            "line": 27,
            "column": 2
          }
        },
        "line": 24
      },
      "1": {
        "name": "(anonymous_1)",
        "decl": {
          "start": {
            "line": 40,
            "column": 52
          },
          "end": {
            "line": 40,
            "column": 53
          }
        },
        "loc": {
          "start": {
            "line": 40,
            "column": 72
          },
          "end": {
            "line": 47,
            "column": 3
          }
        },
        "line": 40
      },
      "2": {
        "name": "(anonymous_2)",
        "decl": {
          "start": {
            "line": 42,
            "column": 27
          },
          "end": {
            "line": 42,
            "column": 28
          }
        },
        "loc": {
          "start": {
            "line": 42,
            "column": 44
          },
          "end": {
            "line": 46,
            "column": 5
          }
        },
        "line": 42
      }
    },
    "branchMap": {
      "0": {
        "loc": {
          "start": {
            "line": 2,
            "column": 20
          },
          "end": {
            "line": 2,
            "column": 97
          }
        },
        "type": "binary-expr",
        "locations": [
          {
            "start": {
              "line": 2,
              "column": 20
            },
            "end": {
              "line": 2,
              "column": 60
            }
          },
          {
            "start": {
              "line": 2,
              "column": 64
            },
            "end": {
              "line": 2,
              "column": 97
            }
          }
        ],
        "line": 2
      },
      "1": {
        "loc": {
          "start": {
            "line": 7,
            "column": 0
          },
          "end": {
            "line": 18,
            "column": 1
          }
        },
        "type": "if",
        "locations": [
          {
            "start": {
              "line": 7,
              "column": 0
            },
            "end": {
              "line": 18,
              "column": 1
            }
          },
          {
            "start": {},
            "end": {}
          }
        ],
        "line": 7
      },
      "2": {
        "loc": {
          "start": {
            "line": 7,
            "column": 4
          },
          "end": {
            "line": 7,
            "column": 35
          }
        },
        "type": "binary-expr",
        "locations": [
          {
            "start": {
              "line": 7,
              "column": 4
            },
            "end": {
              "line": 7,
              "column": 19
            }
          },
          {
            "start": {
              "line": 7,
              "column": 23
            },
            "end": {
              "line": 7,
              "column": 35
            }
          }
        ],
        "line": 7
      },
      "3": {
        "loc": {
          "start": {
            "line": 8,
            "column": 2
          },
          "end": {
            "line": 12,
            "column": 3
          }
        },
        "type": "if",
        "locations": [
          {
            "start": {
              "line": 8,
              "column": 2
            },
            "end": {
              "line": 12,
              "column": 3
            }
          },
          {
            "start": {},
            "end": {}
          }
        ],
        "line": 8
      },
      "4": {
        "loc": {
          "start": {
            "line": 33,
            "column": 0
          },
          "end": {
            "line": 36,
            "column": 1
          }
        },
        "type": "if",
        "locations": [
          {
            "start": {
              "line": 33,
              "column": 0
            },
            "end": {
              "line": 36,
              "column": 1
            }
          },
          {
            "start": {},
            "end": {}
          }
        ],
        "line": 33
      },
      "5": {
        "loc": {
          "start": {
            "line": 33,
            "column": 4
          },
          "end": {
            "line": 33,
            "column": 35
          }
        },
        "type": "binary-expr",
        "locations": [
          {
            "start": {
              "line": 33,
              "column": 4
            },
            "end": {
              "line": 33,
              "column": 19
            }
          },
          {
            "start": {
              "line": 33,
              "column": 23
            },
            "end": {
              "line": 33,
              "column": 35
            }
          }
        ],
        "line": 33
      },
      "6": {
        "loc": {
          "start": {
            "line": 39,
            "column": 0
          },
          "end": {
            "line": 48,
            "column": 1
          }
        },
        "type": "if",
        "locations": [
          {
            "start": {
              "line": 39,
              "column": 0
            },
            "end": {
              "line": 48,
              "column": 1
            }
          },
          {
            "start": {},
            "end": {}
          }
        ],
        "line": 39
      },
      "7": {
        "loc": {
          "start": {
            "line": 39,
            "column": 4
          },
          "end": {
            "line": 39,
            "column": 35
          }
        },
        "type": "binary-expr",
        "locations": [
          {
            "start": {
              "line": 39,
              "column": 4
            },
            "end": {
              "line": 39,
              "column": 19
            }
          },
          {
            "start": {
              "line": 39,
              "column": 23
            },
            "end": {
              "line": 39,
              "column": 35
            }
          }
        ],
        "line": 39
      },
      "8": {
        "loc": {
          "start": {
            "line": 43,
            "column": 6
          },
          "end": {
            "line": 43,
            "column": 31
          }
        },
        "type": "if",
        "locations": [
          {
            "start": {
              "line": 43,
              "column": 6
            },
            "end": {
              "line": 43,
              "column": 31
            }
          },
          {
            "start": {},
            "end": {}
          }
        ],
        "line": 43
      },
      "9": {
        "loc": {
          "start": {
            "line": 45,
            "column": 6
          },
          "end": {
            "line": 45,
            "column": 75
          }
        },
        "type": "if",
        "locations": [
          {
            "start": {
              "line": 45,
              "column": 6
            },
            "end": {
              "line": 45,
              "column": 75
            }
          },
          {
            "start": {},
            "end": {}
          }
        ],
        "line": 45
      }
    },
    "s": {
      "0": 6,
      "1": 6,
      "2": 6,
      "3": 0,
      "4": 6,
      "5": 6,
      "6": 6,
      "7": 6,
      "8": 6,
      "9": 596,
      "10": 6,
      "11": 6,
      "12": 6,
      "13": 6,
      "14": 6,
      "15": 6,
      "16": 6,
      "17": 6,
      "18": 6,
      "19": 0,
      "20": 0,
      "21": 0,
      "22": 0,
      "23": 0
    },
    "f": {
      "0": 596,
      "1": 6,
      "2": 0
    },
    "b": {
      "0": [
        6,
        0
      ],
      "1": [
        6,
        0
      ],
      "2": [
        6,
        6
      ],
      "3": [
        0,
        6
      ],
      "4": [
        6,
        0
      ],
      "5": [
        6,
        6
      ],
      "6": [
        6,
        0
      ],
      "7": [
        6,
        6
      ],
      "8": [
        0,
        0
      ],
      "9": [
        0,
        0
      ]
    },
    "inputSourceMap": {
      "version": 3,
      "names": [
        "jsx",
        "_jsx",
        "GenericButton",
        "children",
        "props",
        "_c",
        "$RefreshReg$"
      ],
      "sources": [
        "/home/daniel/Documentos/aulas/react/em2horas/src/components/GenericButton.js"
      ],
      "mappings": ";;;;;;;;;;;;;;;;;;;AAAA,SAASA,GAAG,IAAIC,IAAI,QAAQ,mBAAmB;AAC/C,MAAMC,aAAa,GAAGA,CAAC;EAAEC,QAAQ;EAAE,GAAGC;AAAM,CAAC,KAAMH,IAAI,CAAC,QAAQ,EAAE;EAAE,GAAGG,KAAK;EAAED,QAAQ,EAAEA;AAAS,CAAC,CAAE;AAACE,EAAA,GAA/FH,aAAa;AACnB,eAAeA,aAAa;AAAC,IAAAG,EAAA;AAAAC,YAAA,CAAAD,EAAA",
      "ignoreList": []
    },
    "_coverageSchema": "1a1c01bbd47fc00a2c39e90264f33305004495a9",
    "hash": "4c1a98c4289de2b7f55d549bbac3d2b758f76f31"
  },
  "/home/daniel/Documentos/aulas/react/em2horas/src/components/AddTasks.js": {
    "path": "/home/daniel/Documentos/aulas/react/em2horas/src/components/AddTasks.js",
    "statementMap": {
      "0": {
        "start": {
          "line": 2,
          "column": 20
        },
        "end": {
          "line": 2,
          "column": 97
        }
      },
      "1": {
        "start": {
          "line": 7,
          "column": 0
        },
        "end": {
          "line": 18,
          "column": 1
        }
      },
      "2": {
        "start": {
          "line": 8,
          "column": 2
        },
        "end": {
          "line": 12,
          "column": 3
        }
      },
      "3": {
        "start": {
          "line": 9,
          "column": 4
        },
        "end": {
          "line": 11,
          "column": 6
        }
      },
      "4": {
        "start": {
          "line": 14,
          "column": 2
        },
        "end": {
          "line": 14,
          "column": 39
        }
      },
      "5": {
        "start": {
          "line": 15,
          "column": 2
        },
        "end": {
          "line": 15,
          "column": 39
        }
      },
      "6": {
        "start": {
          "line": 16,
          "column": 2
        },
        "end": {
          "line": 16,
          "column": 128
        }
      },
      "7": {
        "start": {
          "line": 17,
          "column": 2
        },
        "end": {
          "line": 17,
          "column": 75
        }
      },
      "8": {
        "start": {
          "line": 20,
          "column": 9
        },
        "end": {
          "line": 20,
          "column": 23
        }
      },
      "9": {
        "start": {
          "line": 25,
          "column": 17
        },
        "end": {
          "line": 54,
          "column": 1
        }
      },
      "10": {
        "start": {
          "line": 28,
          "column": 2
        },
        "end": {
          "line": 28,
          "column": 7
        }
      },
      "11": {
        "start": {
          "line": 29,
          "column": 28
        },
        "end": {
          "line": 29,
          "column": 40
        }
      },
      "12": {
        "start": {
          "line": 30,
          "column": 40
        },
        "end": {
          "line": 30,
          "column": 52
        }
      },
      "13": {
        "start": {
          "line": 31,
          "column": 21
        },
        "end": {
          "line": 37,
          "column": 3
        }
      },
      "14": {
        "start": {
          "line": 32,
          "column": 4
        },
        "end": {
          "line": 35,
          "column": 5
        }
      },
      "15": {
        "start": {
          "line": 33,
          "column": 6
        },
        "end": {
          "line": 33,
          "column": 51
        }
      },
      "16": {
        "start": {
          "line": 34,
          "column": 6
        },
        "end": {
          "line": 34,
          "column": 13
        }
      },
      "17": {
        "start": {
          "line": 36,
          "column": 4
        },
        "end": {
          "line": 36,
          "column": 34
        }
      },
      "18": {
        "start": {
          "line": 38,
          "column": 2
        },
        "end": {
          "line": 53,
          "column": 5
        }
      },
      "19": {
        "start": {
          "line": 43,
          "column": 21
        },
        "end": {
          "line": 43,
          "column": 45
        }
      },
      "20": {
        "start": {
          "line": 47,
          "column": 21
        },
        "end": {
          "line": 47,
          "column": 51
        }
      },
      "21": {
        "start": {
          "line": 55,
          "column": 0
        },
        "end": {
          "line": 55,
          "column": 45
        }
      },
      "22": {
        "start": {
          "line": 56,
          "column": 0
        },
        "end": {
          "line": 56,
          "column": 14
        }
      },
      "23": {
        "start": {
          "line": 59,
          "column": 0
        },
        "end": {
          "line": 59,
          "column": 29
        }
      },
      "24": {
        "start": {
          "line": 61,
          "column": 0
        },
        "end": {
          "line": 64,
          "column": 1
        }
      },
      "25": {
        "start": {
          "line": 62,
          "column": 2
        },
        "end": {
          "line": 62,
          "column": 39
        }
      },
      "26": {
        "start": {
          "line": 63,
          "column": 2
        },
        "end": {
          "line": 63,
          "column": 39
        }
      },
      "27": {
        "start": {
          "line": 67,
          "column": 0
        },
        "end": {
          "line": 76,
          "column": 1
        }
      },
      "28": {
        "start": {
          "line": 68,
          "column": 2
        },
        "end": {
          "line": 75,
          "column": 5
        }
      },
      "29": {
        "start": {
          "line": 69,
          "column": 4
        },
        "end": {
          "line": 69,
          "column": 141
        }
      },
      "30": {
        "start": {
          "line": 70,
          "column": 4
        },
        "end": {
          "line": 74,
          "column": 7
        }
      },
      "31": {
        "start": {
          "line": 71,
          "column": 6
        },
        "end": {
          "line": 71,
          "column": 31
        }
      },
      "32": {
        "start": {
          "line": 71,
          "column": 24
        },
        "end": {
          "line": 71,
          "column": 31
        }
      },
      "33": {
        "start": {
          "line": 72,
          "column": 32
        },
        "end": {
          "line": 72,
          "column": 190
        }
      },
      "34": {
        "start": {
          "line": 73,
          "column": 6
        },
        "end": {
          "line": 73,
          "column": 75
        }
      },
      "35": {
        "start": {
          "line": 73,
          "column": 29
        },
        "end": {
          "line": 73,
          "column": 75
        }
      }
    },
    "fnMap": {
      "0": {
        "name": "(anonymous_0)",
        "decl": {
          "start": {
            "line": 25,
            "column": 17
          },
          "end": {
            "line": 25,
            "column": 18
          }
        },
        "loc": {
          "start": {
            "line": 27,
            "column": 6
          },
          "end": {
            "line": 54,
            "column": 1
          }
        },
        "line": 27
      },
      "1": {
        "name": "(anonymous_1)",
        "decl": {
          "start": {
            "line": 31,
            "column": 21
          },
          "end": {
            "line": 31,
            "column": 22
          }
        },
        "loc": {
          "start": {
            "line": 31,
            "column": 27
          },
          "end": {
            "line": 37,
            "column": 3
          }
        },
        "line": 31
      },
      "2": {
        "name": "(anonymous_2)",
        "decl": {
          "start": {
            "line": 43,
            "column": 16
          },
          "end": {
            "line": 43,
            "column": 17
          }
        },
        "loc": {
          "start": {
            "line": 43,
            "column": 21
          },
          "end": {
            "line": 43,
            "column": 45
          }
        },
        "line": 43
      },
      "3": {
        "name": "(anonymous_3)",
        "decl": {
          "start": {
            "line": 47,
            "column": 16
          },
          "end": {
            "line": 47,
            "column": 17
          }
        },
        "loc": {
          "start": {
            "line": 47,
            "column": 21
          },
          "end": {
            "line": 47,
            "column": 51
          }
        },
        "line": 47
      },
      "4": {
        "name": "(anonymous_4)",
        "decl": {
          "start": {
            "line": 68,
            "column": 52
          },
          "end": {
            "line": 68,
            "column": 53
          }
        },
        "loc": {
          "start": {
            "line": 68,
            "column": 72
          },
          "end": {
            "line": 75,
            "column": 3
          }
        },
        "line": 68
      },
      "5": {
        "name": "(anonymous_5)",
        "decl": {
          "start": {
            "line": 70,
            "column": 27
          },
          "end": {
            "line": 70,
            "column": 28
          }
        },
        "loc": {
          "start": {
            "line": 70,
            "column": 44
          },
          "end": {
            "line": 74,
            "column": 5
          }
        },
        "line": 70
      }
    },
    "branchMap": {
      "0": {
        "loc": {
          "start": {
            "line": 2,
            "column": 20
          },
          "end": {
            "line": 2,
            "column": 97
          }
        },
        "type": "binary-expr",
        "locations": [
          {
            "start": {
              "line": 2,
              "column": 20
            },
            "end": {
              "line": 2,
              "column": 60
            }
          },
          {
            "start": {
              "line": 2,
              "column": 64
            },
            "end": {
              "line": 2,
              "column": 97
            }
          }
        ],
        "line": 2
      },
      "1": {
        "loc": {
          "start": {
            "line": 7,
            "column": 0
          },
          "end": {
            "line": 18,
            "column": 1
          }
        },
        "type": "if",
        "locations": [
          {
            "start": {
              "line": 7,
              "column": 0
            },
            "end": {
              "line": 18,
              "column": 1
            }
          },
          {
            "start": {},
            "end": {}
          }
        ],
        "line": 7
      },
      "2": {
        "loc": {
          "start": {
            "line": 7,
            "column": 4
          },
          "end": {
            "line": 7,
            "column": 35
          }
        },
        "type": "binary-expr",
        "locations": [
          {
            "start": {
              "line": 7,
              "column": 4
            },
            "end": {
              "line": 7,
              "column": 19
            }
          },
          {
            "start": {
              "line": 7,
              "column": 23
            },
            "end": {
              "line": 7,
              "column": 35
            }
          }
        ],
        "line": 7
      },
      "3": {
        "loc": {
          "start": {
            "line": 8,
            "column": 2
          },
          "end": {
            "line": 12,
            "column": 3
          }
        },
        "type": "if",
        "locations": [
          {
            "start": {
              "line": 8,
              "column": 2
            },
            "end": {
              "line": 12,
              "column": 3
            }
          },
          {
            "start": {},
            "end": {}
          }
        ],
        "line": 8
      },
      "4": {
        "loc": {
          "start": {
            "line": 32,
            "column": 4
          },
          "end": {
            "line": 35,
            "column": 5
          }
        },
        "type": "if",
        "locations": [
          {
            "start": {
              "line": 32,
              "column": 4
            },
            "end": {
              "line": 35,
              "column": 5
            }
          },
          {
            "start": {},
            "end": {}
          }
        ],
        "line": 32
      },
      "5": {
        "loc": {
          "start": {
            "line": 32,
            "column": 8
          },
          "end": {
            "line": 32,
            "column": 56
          }
        },
        "type": "binary-expr",
        "locations": [
          {
            "start": {
              "line": 32,
              "column": 8
            },
            "end": {
              "line": 32,
              "column": 27
            }
          },
          {
            "start": {
              "line": 32,
              "column": 31
            },
            "end": {
              "line": 32,
              "column": 56
            }
          }
        ],
        "line": 32
      },
      "6": {
        "loc": {
          "start": {
            "line": 61,
            "column": 0
          },
          "end": {
            "line": 64,
            "column": 1
          }
        },
        "type": "if",
        "locations": [
          {
            "start": {
              "line": 61,
              "column": 0
            },
            "end": {
              "line": 64,
              "column": 1
            }
          },
          {
            "start": {},
            "end": {}
          }
        ],
        "line": 61
      },
      "7": {
        "loc": {
          "start": {
            "line": 61,
            "column": 4
          },
          "end": {
            "line": 61,
            "column": 35
          }
        },
        "type": "binary-expr",
        "locations": [
          {
            "start": {
              "line": 61,
              "column": 4
            },
            "end": {
              "line": 61,
              "column": 19
            }
          },
          {
            "start": {
              "line": 61,
              "column": 23
            },
            "end": {
              "line": 61,
              "column": 35
            }
          }
        ],
        "line": 61
      },
      "8": {
        "loc": {
          "start": {
            "line": 67,
            "column": 0
          },
          "end": {
            "line": 76,
            "column": 1
          }
        },
        "type": "if",
        "locations": [
          {
            "start": {
              "line": 67,
              "column": 0
            },
            "end": {
              "line": 76,
              "column": 1
            }
          },
          {
            "start": {},
            "end": {}
          }
        ],
        "line": 67
      },
      "9": {
        "loc": {
          "start": {
            "line": 67,
            "column": 4
          },
          "end": {
            "line": 67,
            "column": 35
          }
        },
        "type": "binary-expr",
        "locations": [
          {
            "start": {
              "line": 67,
              "column": 4
            },
            "end": {
              "line": 67,
              "column": 19
            }
          },
          {
            "start": {
              "line": 67,
              "column": 23
            },
            "end": {
              "line": 67,
              "column": 35
            }
          }
        ],
        "line": 67
      },
      "10": {
        "loc": {
          "start": {
            "line": 71,
            "column": 6
          },
          "end": {
            "line": 71,
            "column": 31
          }
        },
        "type": "if",
        "locations": [
          {
            "start": {
              "line": 71,
              "column": 6
            },
            "end": {
              "line": 71,
              "column": 31
            }
          },
          {
            "start": {},
            "end": {}
          }
        ],
        "line": 71
      },
      "11": {
        "loc": {
          "start": {
            "line": 73,
            "column": 6
          },
          "end": {
            "line": 73,
            "column": 75
          }
        },
        "type": "if",
        "locations": [
          {
            "start": {
              "line": 73,
              "column": 6
            },
            "end": {
              "line": 73,
              "column": 75
            }
          },
          {
            "start": {},
            "end": {}
          }
        ],
        "line": 73
      }
    },
    "s": {
      "0": 6,
      "1": 6,
      "2": 6,
      "3": 0,
      "4": 6,
      "5": 6,
      "6": 6,
      "7": 6,
      "8": 6,
      "9": 6,
      "10": 556,
      "11": 556,
      "12": 556,
      "13": 556,
      "14": 5,
      "15": 0,
      "16": 0,
      "17": 5,
      "18": 556,
      "19": 65,
      "20": 200,
      "21": 6,
      "22": 6,
      "23": 6,
      "24": 6,
      "25": 6,
      "26": 6,
      "27": 6,
      "28": 6,
      "29": 6,
      "30": 6,
      "31": 0,
      "32": 0,
      "33": 0,
      "34": 0,
      "35": 0
    },
    "f": {
      "0": 556,
      "1": 5,
      "2": 65,
      "3": 200,
      "4": 6,
      "5": 0
    },
    "b": {
      "0": [
        6,
        0
      ],
      "1": [
        6,
        0
      ],
      "2": [
        6,
        6
      ],
      "3": [
        0,
        6
      ],
      "4": [
        0,
        5
      ],
      "5": [
        5,
        5
      ],
      "6": [
        6,
        0
      ],
      "7": [
        6,
        6
      ],
      "8": [
        6,
        0
      ],
      "9": [
        6,
        6
      ],
      "10": [
        0,
        0
      ],
      "11": [
        0,
        0
      ]
    },
    "inputSourceMap": {
      "version": 3,
      "names": [
        "jsx",
        "_jsx",
        "jsxs",
        "_jsxs",
        "useState",
        "InputTasks",
        "GenericButton",
        "AddTasks",
        "onTaskAdd",
        "_s",
        "title",
        "setTitle",
        "description",
        "setDescription",
        "OnClickAdd",
        "trim",
        "alert",
        "className",
        "children",
        "value",
        "placeholder",
        "onChange",
        "e",
        "target",
        "onClick",
        "_c",
        "$RefreshReg$"
      ],
      "sources": [
        "/home/daniel/Documentos/aulas/react/em2horas/src/components/AddTasks.js"
      ],
      "mappings": ";;;;;;;;;;;;;;;;;;;;AAAA,SAASA,GAAG,IAAIC,IAAI,EAAEC,IAAI,IAAIC,KAAK,QAAQ,mBAAmB;AAC9D,SAASC,QAAQ,QAAQ,OAAO;AAChC,OAAOC,UAAU,MAAM,cAAc;AACrC,OAAOC,aAAa,MAAM,iBAAiB;AAC3C,MAAMC,QAAQ,GAAGA,CAAC;EAAEC;AAAU,CAAC,KAAK;EAAAC,EAAA;EAChC,MAAM,CAACC,KAAK,EAAEC,QAAQ,CAAC,GAAGP,QAAQ,CAAC,EAAE,CAAC;EACtC,MAAM,CAACQ,WAAW,EAAEC,cAAc,CAAC,GAAGT,QAAQ,CAAC,EAAE,CAAC;EAClD,MAAMU,UAAU,GAAGA,CAAA,KAAM;IACrB,IAAIJ,KAAK,CAACK,IAAI,CAAC,CAAC,KAAK,EAAE,IAAIH,WAAW,CAACG,IAAI,CAAC,CAAC,KAAK,EAAE,EAAE;MAClDC,KAAK,CAAC,qCAAqC,CAAC;MAC5C;IACJ;IACAR,SAAS,CAACE,KAAK,EAAEE,WAAW,CAAC;EACjC,CAAC;EACD,OAAQT,KAAK,CAAC,KAAK,EAAE;IAAEc,SAAS,EAAE,4DAA4D;IAAEC,QAAQ,EAAE,CAACjB,IAAI,CAACI,UAAU,EAAE;MAAEc,KAAK,EAAET,KAAK;MAAEU,WAAW,EAAE,aAAa;MAAEC,QAAQ,EAAEC,CAAC,IAAIX,QAAQ,CAACW,CAAC,CAACC,MAAM,CAACJ,KAAK;IAAE,CAAC,CAAC,EAAElB,IAAI,CAACI,UAAU,EAAE;MAAEc,KAAK,EAAEP,WAAW;MAAEQ,WAAW,EAAE,0BAA0B;MAAEC,QAAQ,EAAEC,CAAC,IAAIT,cAAc,CAACS,CAAC,CAACC,MAAM,CAACJ,KAAK;IAAE,CAAC,CAAC,EAAElB,IAAI,CAACK,aAAa,EAAE;MAAEkB,OAAO,EAAEV,UAAU;MAAEG,SAAS,EAAE,0DAA0D;MAAEC,QAAQ,EAAE;IAAY,CAAC,CAAC;EAAE,CAAC,CAAC;AACxe,CAAC;AAACT,EAAA,CAXIF,QAAQ;AAAAkB,EAAA,GAARlB,QAAQ;AAYd,eAAeA,QAAQ;AAAC,IAAAkB,EAAA;AAAAC,YAAA,CAAAD,EAAA",
      "ignoreList": []
    },
    "_coverageSchema": "1a1c01bbd47fc00a2c39e90264f33305004495a9",
    "hash": "2b7742c00f50c1547883b2fa5332ecfc2578d2f3"
  },
  "/home/daniel/Documentos/aulas/react/em2horas/src/components/Tasks.js": {
    "path": "/home/daniel/Documentos/aulas/react/em2horas/src/components/Tasks.js",
    "statementMap": {
      "0": {
        "start": {
          "line": 2,
          "column": 20
        },
        "end": {
          "line": 2,
          "column": 97
        }
      },
      "1": {
        "start": {
          "line": 7,
          "column": 0
        },
        "end": {
          "line": 18,
          "column": 1
        }
      },
      "2": {
        "start": {
          "line": 8,
          "column": 2
        },
        "end": {
          "line": 12,
          "column": 3
        }
      },
      "3": {
        "start": {
          "line": 9,
          "column": 4
        },
        "end": {
          "line": 11,
          "column": 6
        }
      },
      "4": {
        "start": {
          "line": 14,
          "column": 2
        },
        "end": {
          "line": 14,
          "column": 39
        }
      },
      "5": {
        "start": {
          "line": 15,
          "column": 2
        },
        "end": {
          "line": 15,
          "column": 39
        }
      },
      "6": {
        "start": {
          "line": 16,
          "column": 2
        },
        "end": {
          "line": 16,
          "column": 125
        }
      },
      "7": {
        "start": {
          "line": 17,
          "column": 2
        },
        "end": {
          "line": 17,
          "column": 75
        }
      },
      "8": {
        "start": {
          "line": 20,
          "column": 9
        },
        "end": {
          "line": 20,
          "column": 23
        }
      },
      "9": {
        "start": {
          "line": 25,
          "column": 14
        },
        "end": {
          "line": 58,
          "column": 1
        }
      },
      "10": {
        "start": {
          "line": 30,
          "column": 2
        },
        "end": {
          "line": 30,
          "column": 7
        }
      },
      "11": {
        "start": {
          "line": 31,
          "column": 19
        },
        "end": {
          "line": 31,
          "column": 32
        }
      },
      "12": {
        "start": {
          "line": 32,
          "column": 25
        },
        "end": {
          "line": 38,
          "column": 3
        }
      },
      "13": {
        "start": {
          "line": 33,
          "column": 24
        },
        "end": {
          "line": 36,
          "column": 6
        }
      },
      "14": {
        "start": {
          "line": 37,
          "column": 4
        },
        "end": {
          "line": 37,
          "column": 49
        }
      },
      "15": {
        "start": {
          "line": 39,
          "column": 2
        },
        "end": {
          "line": 57,
          "column": 5
        }
      },
      "16": {
        "start": {
          "line": 41,
          "column": 32
        },
        "end": {
          "line": 56,
          "column": 15
        }
      },
      "17": {
        "start": {
          "line": 44,
          "column": 23
        },
        "end": {
          "line": 44,
          "column": 42
        }
      },
      "18": {
        "start": {
          "line": 48,
          "column": 23
        },
        "end": {
          "line": 48,
          "column": 43
        }
      },
      "19": {
        "start": {
          "line": 52,
          "column": 23
        },
        "end": {
          "line": 52,
          "column": 41
        }
      },
      "20": {
        "start": {
          "line": 59,
          "column": 0
        },
        "end": {
          "line": 61,
          "column": 3
        }
      },
      "21": {
        "start": {
          "line": 60,
          "column": 2
        },
        "end": {
          "line": 60,
          "column": 23
        }
      },
      "22": {
        "start": {
          "line": 62,
          "column": 0
        },
        "end": {
          "line": 62,
          "column": 11
        }
      },
      "23": {
        "start": {
          "line": 65,
          "column": 0
        },
        "end": {
          "line": 65,
          "column": 26
        }
      },
      "24": {
        "start": {
          "line": 67,
          "column": 0
        },
        "end": {
          "line": 70,
          "column": 1
        }
      },
      "25": {
        "start": {
          "line": 68,
          "column": 2
        },
        "end": {
          "line": 68,
          "column": 39
        }
      },
      "26": {
        "start": {
          "line": 69,
          "column": 2
        },
        "end": {
          "line": 69,
          "column": 39
        }
      },
      "27": {
        "start": {
          "line": 73,
          "column": 0
        },
        "end": {
          "line": 82,
          "column": 1
        }
      },
      "28": {
        "start": {
          "line": 74,
          "column": 2
        },
        "end": {
          "line": 81,
          "column": 5
        }
      },
      "29": {
        "start": {
          "line": 75,
          "column": 4
        },
        "end": {
          "line": 75,
          "column": 138
        }
      },
      "30": {
        "start": {
          "line": 76,
          "column": 4
        },
        "end": {
          "line": 80,
          "column": 7
        }
      },
      "31": {
        "start": {
          "line": 77,
          "column": 6
        },
        "end": {
          "line": 77,
          "column": 31
        }
      },
      "32": {
        "start": {
          "line": 77,
          "column": 24
        },
        "end": {
          "line": 77,
          "column": 31
        }
      },
      "33": {
        "start": {
          "line": 78,
          "column": 32
        },
        "end": {
          "line": 78,
          "column": 187
        }
      },
      "34": {
        "start": {
          "line": 79,
          "column": 6
        },
        "end": {
          "line": 79,
          "column": 75
        }
      },
      "35": {
        "start": {
          "line": 79,
          "column": 29
        },
        "end": {
          "line": 79,
          "column": 75
        }
      }
    },
    "fnMap": {
      "0": {
        "name": "(anonymous_0)",
        "decl": {
          "start": {
            "line": 25,
            "column": 14
          },
          "end": {
            "line": 25,
            "column": 15
          }
        },
        "loc": {
          "start": {
            "line": 29,
            "column": 6
          },
          "end": {
            "line": 58,
            "column": 1
          }
        },
        "line": 29
      },
      "1": {
        "name": "(anonymous_1)",
        "decl": {
          "start": {
            "line": 32,
            "column": 25
          },
          "end": {
            "line": 32,
            "column": 26
          }
        },
        "loc": {
          "start": {
            "line": 32,
            "column": 33
          },
          "end": {
            "line": 38,
            "column": 3
          }
        },
        "line": 32
      },
      "2": {
        "name": "(anonymous_2)",
        "decl": {
          "start": {
            "line": 41,
            "column": 24
          },
          "end": {
            "line": 41,
            "column": 25
          }
        },
        "loc": {
          "start": {
            "line": 41,
            "column": 32
          },
          "end": {
            "line": 56,
            "column": 15
          }
        },
        "line": 41
      },
      "3": {
        "name": "(anonymous_3)",
        "decl": {
          "start": {
            "line": 44,
            "column": 17
          },
          "end": {
            "line": 44,
            "column": 18
          }
        },
        "loc": {
          "start": {
            "line": 44,
            "column": 23
          },
          "end": {
            "line": 44,
            "column": 42
          }
        },
        "line": 44
      },
      "4": {
        "name": "(anonymous_4)",
        "decl": {
          "start": {
            "line": 48,
            "column": 17
          },
          "end": {
            "line": 48,
            "column": 18
          }
        },
        "loc": {
          "start": {
            "line": 48,
            "column": 23
          },
          "end": {
            "line": 48,
            "column": 43
          }
        },
        "line": 48
      },
      "5": {
        "name": "(anonymous_5)",
        "decl": {
          "start": {
            "line": 52,
            "column": 17
          },
          "end": {
            "line": 52,
            "column": 18
          }
        },
        "loc": {
          "start": {
            "line": 52,
            "column": 23
          },
          "end": {
            "line": 52,
            "column": 41
          }
        },
        "line": 52
      },
      "6": {
        "name": "(anonymous_6)",
        "decl": {
          "start": {
            "line": 59,
            "column": 49
          },
          "end": {
            "line": 59,
            "column": 50
          }
        },
        "loc": {
          "start": {
            "line": 59,
            "column": 61
          },
          "end": {
            "line": 61,
            "column": 1
          }
        },
        "line": 59
      },
      "7": {
        "name": "(anonymous_7)",
        "decl": {
          "start": {
            "line": 74,
            "column": 52
          },
          "end": {
            "line": 74,
            "column": 53
          }
        },
        "loc": {
          "start": {
            "line": 74,
            "column": 72
          },
          "end": {
            "line": 81,
            "column": 3
          }
        },
        "line": 74
      },
      "8": {
        "name": "(anonymous_8)",
        "decl": {
          "start": {
            "line": 76,
            "column": 27
          },
          "end": {
            "line": 76,
            "column": 28
          }
        },
        "loc": {
          "start": {
            "line": 76,
            "column": 44
          },
          "end": {
            "line": 80,
            "column": 5
          }
        },
        "line": 76
      }
    },
    "branchMap": {
      "0": {
        "loc": {
          "start": {
            "line": 2,
            "column": 20
          },
          "end": {
            "line": 2,
            "column": 97
          }
        },
        "type": "binary-expr",
        "locations": [
          {
            "start": {
              "line": 2,
              "column": 20
            },
            "end": {
              "line": 2,
              "column": 60
            }
          },
          {
            "start": {
              "line": 2,
              "column": 64
            },
            "end": {
              "line": 2,
              "column": 97
            }
          }
        ],
        "line": 2
      },
      "1": {
        "loc": {
          "start": {
            "line": 7,
            "column": 0
          },
          "end": {
            "line": 18,
            "column": 1
          }
        },
        "type": "if",
        "locations": [
          {
            "start": {
              "line": 7,
              "column": 0
            },
            "end": {
              "line": 18,
              "column": 1
            }
          },
          {
            "start": {},
            "end": {}
          }
        ],
        "line": 7
      },
      "2": {
        "loc": {
          "start": {
            "line": 7,
            "column": 4
          },
          "end": {
            "line": 7,
            "column": 35
          }
        },
        "type": "binary-expr",
        "locations": [
          {
            "start": {
              "line": 7,
              "column": 4
            },
            "end": {
              "line": 7,
              "column": 19
            }
          },
          {
            "start": {
              "line": 7,
              "column": 23
            },
            "end": {
              "line": 7,
              "column": 35
            }
          }
        ],
        "line": 7
      },
      "3": {
        "loc": {
          "start": {
            "line": 8,
            "column": 2
          },
          "end": {
            "line": 12,
            "column": 3
          }
        },
        "type": "if",
        "locations": [
          {
            "start": {
              "line": 8,
              "column": 2
            },
            "end": {
              "line": 12,
              "column": 3
            }
          },
          {
            "start": {},
            "end": {}
          }
        ],
        "line": 8
      },
      "4": {
        "loc": {
          "start": {
            "line": 45,
            "column": 75
          },
          "end": {
            "line": 45,
            "column": 109
          }
        },
        "type": "binary-expr",
        "locations": [
          {
            "start": {
              "line": 45,
              "column": 75
            },
            "end": {
              "line": 45,
              "column": 91
            }
          },
          {
            "start": {
              "line": 45,
              "column": 95
            },
            "end": {
              "line": 45,
              "column": 109
            }
          }
        ],
        "line": 45
      },
      "5": {
        "loc": {
          "start": {
            "line": 67,
            "column": 0
          },
          "end": {
            "line": 70,
            "column": 1
          }
        },
        "type": "if",
        "locations": [
          {
            "start": {
              "line": 67,
              "column": 0
            },
            "end": {
              "line": 70,
              "column": 1
            }
          },
          {
            "start": {},
            "end": {}
          }
        ],
        "line": 67
      },
      "6": {
        "loc": {
          "start": {
            "line": 67,
            "column": 4
          },
          "end": {
            "line": 67,
            "column": 35
          }
        },
        "type": "binary-expr",
        "locations": [
          {
            "start": {
              "line": 67,
              "column": 4
            },
            "end": {
              "line": 67,
              "column": 19
            }
          },
          {
            "start": {
              "line": 67,
              "column": 23
            },
            "end": {
              "line": 67,
              "column": 35
            }
          }
        ],
        "line": 67
      },
      "7": {
        "loc": {
          "start": {
            "line": 73,
            "column": 0
          },
          "end": {
            "line": 82,
            "column": 1
          }
        },
        "type": "if",
        "locations": [
          {
            "start": {
              "line": 73,
              "column": 0
            },
            "end": {
              "line": 82,
              "column": 1
            }
          },
          {
            "start": {},
            "end": {}
          }
        ],
        "line": 73
      },
      "8": {
        "loc": {
          "start": {
            "line": 73,
            "column": 4
          },
          "end": {
            "line": 73,
            "column": 35
          }
        },
        "type": "binary-expr",
        "locations": [
          {
            "start": {
              "line": 73,
              "column": 4
            },
            "end": {
              "line": 73,
              "column": 19
            }
          },
          {
            "start": {
              "line": 73,
              "column": 23
            },
            "end": {
              "line": 73,
              "column": 35
            }
          }
        ],
        "line": 73
      },
      "9": {
        "loc": {
          "start": {
            "line": 77,
            "column": 6
          },
          "end": {
            "line": 77,
            "column": 31
          }
        },
        "type": "if",
        "locations": [
          {
            "start": {
              "line": 77,
              "column": 6
            },
            "end": {
              "line": 77,
              "column": 31
            }
          },
          {
            "start": {},
            "end": {}
          }
        ],
        "line": 77
      },
      "10": {
        "loc": {
          "start": {
            "line": 79,
            "column": 6
          },
          "end": {
            "line": 79,
            "column": 75
          }
        },
        "type": "if",
        "locations": [
          {
            "start": {
              "line": 79,
              "column": 6
            },
            "end": {
              "line": 79,
              "column": 75
            }
          },
          {
            "start": {},
            "end": {}
          }
        ],
        "line": 79
      }
    },
    "s": {
      "0": 6,
      "1": 6,
      "2": 6,
      "3": 0,
      "4": 6,
      "5": 6,
      "6": 6,
      "7": 6,
      "8": 6,
      "9": 6,
      "10": 26,
      "11": 26,
      "12": 26,
      "13": 2,
      "14": 2,
      "15": 26,
      "16": 12,
      "17": 0,
      "18": 2,
      "19": 1,
      "20": 6,
      "21": 6,
      "22": 6,
      "23": 6,
      "24": 6,
      "25": 6,
      "26": 6,
      "27": 6,
      "28": 6,
      "29": 6,
      "30": 6,
      "31": 0,
      "32": 0,
      "33": 0,
      "34": 0,
      "35": 0
    },
    "f": {
      "0": 26,
      "1": 2,
      "2": 12,
      "3": 0,
      "4": 2,
      "5": 1,
      "6": 6,
      "7": 6,
      "8": 0
    },
    "b": {
      "0": [
        6,
        0
      ],
      "1": [
        6,
        0
      ],
      "2": [
        6,
        6
      ],
      "3": [
        0,
        6
      ],
      "4": [
        12,
        0
      ],
      "5": [
        6,
        0
      ],
      "6": [
        6,
        6
      ],
      "7": [
        6,
        0
      ],
      "8": [
        6,
        6
      ],
      "9": [
        0,
        0
      ],
      "10": [
        0,
        0
      ]
    },
    "inputSourceMap": {
      "version": 3,
      "names": [
        "jsx",
        "_jsx",
        "jsxs",
        "_jsxs",
        "ChevronRightIcon",
        "TrashIcon",
        "useNavigate",
        "GenericButton",
        "Tasks",
        "tasks",
        "onTaskChecked",
        "onTaskDelete",
        "_s",
        "navigate",
        "handleNavigate",
        "task",
        "queryParams",
        "URLSearchParams",
        "title",
        "description",
        "toString",
        "className",
        "children",
        "map",
        "onClick",
        "isCompleted",
        "id",
        "_c",
        "$RefreshReg$"
      ],
      "sources": [
        "/home/daniel/Documentos/aulas/react/em2horas/src/components/Tasks.js"
      ],
      "mappings": ";;;;;;;;;;;;;;;;;;;;AAAA,SAASA,GAAG,IAAIC,IAAI,EAAEC,IAAI,IAAIC,KAAK,QAAQ,mBAAmB;AAC9D,SAASC,gBAAgB,EAAEC,SAAS,QAAQ,cAAc;AAC1D,SAASC,WAAW,QAAQ,kBAAkB;AAC9C,OAAOC,aAAa,MAAM,iBAAiB;AAC3C,MAAMC,KAAK,GAAGA,CAAC;EAAEC,KAAK;EAAEC,aAAa;EAAEC;AAAa,CAAC,KAAK;EAAAC,EAAA;EACtD,MAAMC,QAAQ,GAAGP,WAAW,CAAC,CAAC;EAC9B,MAAMQ,cAAc,GAAIC,IAAI,IAAK;IAC7B,MAAMC,WAAW,GAAG,IAAIC,eAAe,CAAC;MACpCC,KAAK,EAAEH,IAAI,CAACG,KAAK;MACjBC,WAAW,EAAEJ,IAAI,CAACI;IACtB,CAAC,CAAC;IACFN,QAAQ,CAAC,UAAUG,WAAW,CAACI,QAAQ,CAAC,CAAC,EAAE,CAAC;EAChD,CAAC;EACD,OAAQnB,IAAI,CAAC,IAAI,EAAE;IAAEoB,SAAS,EAAE,8CAA8C;IAAEC,QAAQ,EAAEb,KAAK,CAACc,GAAG,CAAER,IAAI,IAAMZ,KAAK,CAAC,IAAI,EAAE;MAAEkB,SAAS,EAAE,YAAY;MAAEC,QAAQ,EAAE,CAACrB,IAAI,CAACM,aAAa,EAAE;QAAEiB,OAAO,EAAEA,CAAA,KAAMd,aAAa,CAACK,IAAI,CAAC;QAAEM,SAAS,EAAE,wDAAwDN,IAAI,CAACU,WAAW,IAAI,cAAc,EAAE;QAAEH,QAAQ,EAAEP,IAAI,CAACG;MAAM,CAAC,CAAC,EAAEjB,IAAI,CAACM,aAAa,EAAE;QAAEiB,OAAO,EAAEA,CAAA,KAAMV,cAAc,CAACC,IAAI,CAAC;QAAEM,SAAS,EAAE,wCAAwC;QAAEC,QAAQ,EAAErB,IAAI,CAACG,gBAAgB,EAAE,CAAC,CAAC;MAAE,CAAC,CAAC,EAAEH,IAAI,CAACM,aAAa,EAAE;QAAEiB,OAAO,EAAEA,CAAA,KAAMb,YAAY,CAACI,IAAI,CAAC;QAAEM,SAAS,EAAE,wCAAwC;QAAEC,QAAQ,EAAErB,IAAI,CAACI,SAAS,EAAE,CAAC,CAAC;MAAE,CAAC,CAAC;IAAE,CAAC,EAAEU,IAAI,CAACW,EAAE,CAAE;EAAE,CAAC,CAAC;AAC1pB,CAAC;AAACd,EAAA,CAVIJ,KAAK;EAAA,QACUF,WAAW;AAAA;AAAAqB,EAAA,GAD1BnB,KAAK;AAWX,eAAeA,KAAK;AAAC,IAAAmB,EAAA;AAAAC,YAAA,CAAAD,EAAA",
      "ignoreList": []
    },
    "_coverageSchema": "1a1c01bbd47fc00a2c39e90264f33305004495a9",
    "hash": "ad9dcb158927be1987ebfc049d44ce5692d14a16"
  },
  "/home/daniel/Documentos/aulas/react/em2horas/src/components/Title.js": {
    "path": "/home/daniel/Documentos/aulas/react/em2horas/src/components/Title.js",
    "statementMap": {
      "0": {
        "start": {
          "line": 2,
          "column": 20
        },
        "end": {
          "line": 2,
          "column": 97
        }
      },
      "1": {
        "start": {
          "line": 7,
          "column": 0
        },
        "end": {
          "line": 18,
          "column": 1
        }
      },
      "2": {
        "start": {
          "line": 8,
          "column": 2
        },
        "end": {
          "line": 12,
          "column": 3
        }
      },
      "3": {
        "start": {
          "line": 9,
          "column": 4
        },
        "end": {
          "line": 11,
          "column": 6
        }
      },
      "4": {
        "start": {
          "line": 14,
          "column": 2
        },
        "end": {
          "line": 14,
          "column": 39
        }
      },
      "5": {
        "start": {
          "line": 15,
          "column": 2
        },
        "end": {
          "line": 15,
          "column": 39
        }
      },
      "6": {
        "start": {
          "line": 16,
          "column": 2
        },
        "end": {
          "line": 16,
          "column": 125
        }
      },
      "7": {
        "start": {
          "line": 17,
          "column": 2
        },
        "end": {
          "line": 17,
          "column": 75
        }
      },
      "8": {
        "start": {
          "line": 21,
          "column": 14
        },
        "end": {
          "line": 30,
          "column": 1
        }
      },
      "9": {
        "start": {
          "line": 25,
          "column": 2
        },
        "end": {
          "line": 29,
          "column": 5
        }
      },
      "10": {
        "start": {
          "line": 31,
          "column": 0
        },
        "end": {
          "line": 31,
          "column": 11
        }
      },
      "11": {
        "start": {
          "line": 34,
          "column": 0
        },
        "end": {
          "line": 34,
          "column": 26
        }
      },
      "12": {
        "start": {
          "line": 36,
          "column": 0
        },
        "end": {
          "line": 39,
          "column": 1
        }
      },
      "13": {
        "start": {
          "line": 37,
          "column": 2
        },
        "end": {
          "line": 37,
          "column": 39
        }
      },
      "14": {
        "start": {
          "line": 38,
          "column": 2
        },
        "end": {
          "line": 38,
          "column": 39
        }
      },
      "15": {
        "start": {
          "line": 42,
          "column": 0
        },
        "end": {
          "line": 51,
          "column": 1
        }
      },
      "16": {
        "start": {
          "line": 43,
          "column": 2
        },
        "end": {
          "line": 50,
          "column": 5
        }
      },
      "17": {
        "start": {
          "line": 44,
          "column": 4
        },
        "end": {
          "line": 44,
          "column": 138
        }
      },
      "18": {
        "start": {
          "line": 45,
          "column": 4
        },
        "end": {
          "line": 49,
          "column": 7
        }
      },
      "19": {
        "start": {
          "line": 46,
          "column": 6
        },
        "end": {
          "line": 46,
          "column": 31
        }
      },
      "20": {
        "start": {
          "line": 46,
          "column": 24
        },
        "end": {
          "line": 46,
          "column": 31
        }
      },
      "21": {
        "start": {
          "line": 47,
          "column": 32
        },
        "end": {
          "line": 47,
          "column": 187
        }
      },
      "22": {
        "start": {
          "line": 48,
          "column": 6
        },
        "end": {
          "line": 48,
          "column": 75
        }
      },
      "23": {
        "start": {
          "line": 48,
          "column": 29
        },
        "end": {
          "line": 48,
          "column": 75
        }
      }
    },
    "fnMap": {
      "0": {
        "name": "(anonymous_0)",
        "decl": {
          "start": {
            "line": 21,
            "column": 14
          },
          "end": {
            "line": 21,
            "column": 15
          }
        },
        "loc": {
          "start": {
            "line": 24,
            "column": 6
          },
          "end": {
            "line": 30,
            "column": 1
          }
        },
        "line": 24
      },
      "1": {
        "name": "(anonymous_1)",
        "decl": {
          "start": {
            "line": 43,
            "column": 52
          },
          "end": {
            "line": 43,
            "column": 53
          }
        },
        "loc": {
          "start": {
            "line": 43,
            "column": 72
          },
          "end": {
            "line": 50,
            "column": 3
          }
        },
        "line": 43
      },
      "2": {
        "name": "(anonymous_2)",
        "decl": {
          "start": {
            "line": 45,
            "column": 27
          },
          "end": {
            "line": 45,
            "column": 28
          }
        },
        "loc": {
          "start": {
            "line": 45,
            "column": 44
          },
          "end": {
            "line": 49,
            "column": 5
          }
        },
        "line": 45
      }
    },
    "branchMap": {
      "0": {
        "loc": {
          "start": {
            "line": 2,
            "column": 20
          },
          "end": {
            "line": 2,
            "column": 97
          }
        },
        "type": "binary-expr",
        "locations": [
          {
            "start": {
              "line": 2,
              "column": 20
            },
            "end": {
              "line": 2,
              "column": 60
            }
          },
          {
            "start": {
              "line": 2,
              "column": 64
            },
            "end": {
              "line": 2,
              "column": 97
            }
          }
        ],
        "line": 2
      },
      "1": {
        "loc": {
          "start": {
            "line": 7,
            "column": 0
          },
          "end": {
            "line": 18,
            "column": 1
          }
        },
        "type": "if",
        "locations": [
          {
            "start": {
              "line": 7,
              "column": 0
            },
            "end": {
              "line": 18,
              "column": 1
            }
          },
          {
            "start": {},
            "end": {}
          }
        ],
        "line": 7
      },
      "2": {
        "loc": {
          "start": {
            "line": 7,
            "column": 4
          },
          "end": {
            "line": 7,
            "column": 35
          }
        },
        "type": "binary-expr",
        "locations": [
          {
            "start": {
              "line": 7,
              "column": 4
            },
            "end": {
              "line": 7,
              "column": 19
            }
          },
          {
            "start": {
              "line": 7,
              "column": 23
            },
            "end": {
              "line": 7,
              "column": 35
            }
          }
        ],
        "line": 7
      },
      "3": {
        "loc": {
          "start": {
            "line": 8,
            "column": 2
          },
          "end": {
            "line": 12,
            "column": 3
          }
        },
        "type": "if",
        "locations": [
          {
            "start": {
              "line": 8,
              "column": 2
            },
            "end": {
              "line": 12,
              "column": 3
            }
          },
          {
            "start": {},
            "end": {}
          }
        ],
        "line": 8
      },
      "4": {
        "loc": {
          "start": {
            "line": 36,
            "column": 0
          },
          "end": {
            "line": 39,
            "column": 1
          }
        },
        "type": "if",
        "locations": [
          {
            "start": {
              "line": 36,
              "column": 0
            },
            "end": {
              "line": 39,
              "column": 1
            }
          },
          {
            "start": {},
            "end": {}
          }
        ],
        "line": 36
      },
      "5": {
        "loc": {
          "start": {
            "line": 36,
            "column": 4
          },
          "end": {
            "line": 36,
            "column": 35
          }
        },
        "type": "binary-expr",
        "locations": [
          {
            "start": {
              "line": 36,
              "column": 4
            },
            "end": {
              "line": 36,
              "column": 19
            }
          },
          {
            "start": {
              "line": 36,
              "column": 23
            },
            "end": {
              "line": 36,
              "column": 35
            }
          }
        ],
        "line": 36
      },
      "6": {
        "loc": {
          "start": {
            "line": 42,
            "column": 0
          },
          "end": {
            "line": 51,
            "column": 1
          }
        },
        "type": "if",
        "locations": [
          {
            "start": {
              "line": 42,
              "column": 0
            },
            "end": {
              "line": 51,
              "column": 1
            }
          },
          {
            "start": {},
            "end": {}
          }
        ],
        "line": 42
      },
      "7": {
        "loc": {
          "start": {
            "line": 42,
            "column": 4
          },
          "end": {
            "line": 42,
            "column": 35
          }
        },
        "type": "binary-expr",
        "locations": [
          {
            "start": {
              "line": 42,
              "column": 4
            },
            "end": {
              "line": 42,
              "column": 19
            }
          },
          {
            "start": {
              "line": 42,
              "column": 23
            },
            "end": {
              "line": 42,
              "column": 35
            }
          }
        ],
        "line": 42
      },
      "8": {
        "loc": {
          "start": {
            "line": 46,
            "column": 6
          },
          "end": {
            "line": 46,
            "column": 31
          }
        },
        "type": "if",
        "locations": [
          {
            "start": {
              "line": 46,
              "column": 6
            },
            "end": {
              "line": 46,
              "column": 31
            }
          },
          {
            "start": {},
            "end": {}
          }
        ],
        "line": 46
      },
      "9": {
        "loc": {
          "start": {
            "line": 48,
            "column": 6
          },
          "end": {
            "line": 48,
            "column": 75
          }
        },
        "type": "if",
        "locations": [
          {
            "start": {
              "line": 48,
              "column": 6
            },
            "end": {
              "line": 48,
              "column": 75
            }
          },
          {
            "start": {},
            "end": {}
          }
        ],
        "line": 48
      }
    },
    "s": {
      "0": 6,
      "1": 6,
      "2": 6,
      "3": 0,
      "4": 6,
      "5": 6,
      "6": 6,
      "7": 6,
      "8": 6,
      "9": 30,
      "10": 6,
      "11": 6,
      "12": 6,
      "13": 6,
      "14": 6,
      "15": 6,
      "16": 6,
      "17": 6,
      "18": 6,
      "19": 0,
      "20": 0,
      "21": 0,
      "22": 0,
      "23": 0
    },
    "f": {
      "0": 30,
      "1": 6,
      "2": 0
    },
    "b": {
      "0": [
        6,
        0
      ],
      "1": [
        6,
        0
      ],
      "2": [
        6,
        6
      ],
      "3": [
        0,
        6
      ],
      "4": [
        6,
        0
      ],
      "5": [
        6,
        6
      ],
      "6": [
        6,
        0
      ],
      "7": [
        6,
        6
      ],
      "8": [
[...]
      "names": [
        "useEffect",
        "useState",
        "AddTasks",
        "Tasks",
        "v4",
        "Title",
        "App",
        "_s",
        "tasks",
        "setTasks",
        "storedTasks",
        "localStorage",
        "getItem",
        "JSON",
        "parse",
        "setItem",
        "stringify",
        "onTaskChecked",
        "id",
        "updatedTasks",
        "map",
        "t",
        "isCompleted",
        "onTaskDelete",
        "deleteTasks",
        "filter",
        "onTaskAdd",
        "title",
        "description",
        "newTask",
        "_c",
        "$RefreshReg$"
      ],
      "ignoreList": [],
      "sources": [
        "/home/daniel/Documentos/aulas/react/em2horas/src/App.tsx"
      ],
      "file": "/home/daniel/Documentos/aulas/react/em2horas/src/App.tsx"
    },
    "_coverageSchema": "1a1c01bbd47fc00a2c39e90264f33305004495a9",
    "hash": "0e8b27a9fb8e9339be4d139c54369fab9cded783"
  },
  "/home/daniel/Documentos/aulas/react/em2horas/src/pages/taskPages.tsx": {
    "path": "/home/daniel/Documentos/aulas/react/em2horas/src/pages/taskPages.tsx",
    "statementMap": {
      "0": {
        "start": {
          "line": 3,
          "column": 20
        },
        "end": {
          "line": 3,
          "column": 97
        }
      },
      "1": {
        "start": {
          "line": 6,
          "column": 0
        },
        "end": {
          "line": 16,
          "column": 1
        }
      },
      "2": {
        "start": {
          "line": 7,
          "column": 2
        },
        "end": {
          "line": 11,
          "column": 3
        }
      },
      "3": {
        "start": {
          "line": 8,
          "column": 4
        },
        "end": {
          "line": 10,
          "column": 6
        }
      },
      "4": {
        "start": {
          "line": 12,
          "column": 2
        },
        "end": {
          "line": 12,
          "column": 39
        }
      },
      "5": {
        "start": {
          "line": 13,
          "column": 2
        },
        "end": {
          "line": 13,
          "column": 39
        }
      },
      "6": {
        "start": {
          "line": 14,
          "column": 2
        },
        "end": {
          "line": 14,
          "column": 125
        }
      },
      "7": {
        "start": {
          "line": 15,
          "column": 2
        },
        "end": {
          "line": 15,
          "column": 75
        }
      },
      "8": {
        "start": {
          "line": 17,
          "column": 9
        },
        "end": {
          "line": 17,
          "column": 23
        }
      },
      "9": {
        "start": {
          "line": 22,
          "column": 18
        },
        "end": {
          "line": 77,
          "column": 1
        }
      },
      "10": {
        "start": {
          "line": 23,
          "column": 2
        },
        "end": {
          "line": 23,
          "column": 7
        }
      },
      "11": {
        "start": {
          "line": 24,
          "column": 25
        },
        "end": {
          "line": 24,
          "column": 42
        }
      },
      "12": {
        "start": {
          "line": 25,
          "column": 16
        },
        "end": {
          "line": 25,
          "column": 41
        }
      },
      "13": {
        "start": {
          "line": 26,
          "column": 22
        },
        "end": {
          "line": 26,
          "column": 53
        }
      },
      "14": {
        "start": {
          "line": 27,
          "column": 19
        },
        "end": {
          "line": 27,
          "column": 32
        }
      },
      "15": {
        "start": {
          "line": 28,
          "column": 2
        },
        "end": {
          "line": 76,
          "column": 11
        }
      },
      "16": {
        "start": {
          "line": 30,
          "column": 61
        },
        "end": {
          "line": 30,
          "column": 73
        }
      },
      "17": {
        "start": {
          "line": 78,
          "column": 0
        },
        "end": {
          "line": 80,
          "column": 3
        }
      },
      "18": {
        "start": {
          "line": 79,
          "column": 2
        },
        "end": {
          "line": 79,
          "column": 40
        }
      },
      "19": {
        "start": {
          "line": 81,
          "column": 0
        },
        "end": {
          "line": 81,
          "column": 15
        }
      },
      "20": {
        "start": {
          "line": 84,
          "column": 0
        },
        "end": {
          "line": 84,
          "column": 30
        }
      },
      "21": {
        "start": {
          "line": 85,
          "column": 0
        },
        "end": {
          "line": 88,
          "column": 1
        }
      },
      "22": {
        "start": {
          "line": 86,
          "column": 2
        },
        "end": {
          "line": 86,
          "column": 39
        }
      },
      "23": {
        "start": {
          "line": 87,
          "column": 2
        },
        "end": {
          "line": 87,
          "column": 39
        }
      },
      "24": {
        "start": {
          "line": 89,
          "column": 0
        },
        "end": {
          "line": 98,
          "column": 1
        }
      },
      "25": {
        "start": {
          "line": 90,
          "column": 2
        },
        "end": {
          "line": 97,
          "column": 5
        }
      },
      "26": {
        "start": {
          "line": 91,
          "column": 4
        },
        "end": {
          "line": 91,
          "column": 138
        }
      },
      "27": {
        "start": {
          "line": 92,
          "column": 4
        },
        "end": {
          "line": 96,
          "column": 7
        }
      },
      "28": {
        "start": {
          "line": 93,
          "column": 6
        },
        "end": {
          "line": 93,
          "column": 31
        }
      },
      "29": {
        "start": {
          "line": 93,
          "column": 24
        },
        "end": {
          "line": 93,
          "column": 31
        }
      },
      "30": {
        "start": {
          "line": 94,
          "column": 32
        },
        "end": {
          "line": 94,
          "column": 187
        }
      },
      "31": {
        "start": {
          "line": 95,
          "column": 6
        },
        "end": {
          "line": 95,
          "column": 75
        }
      },
      "32": {
        "start": {
          "line": 95,
          "column": 29
        },
        "end": {
          "line": 95,
          "column": 75
        }
      }
    },
    "fnMap": {
      "0": {
        "name": "(anonymous_0)",
        "decl": {
          "start": {
            "line": 22,
            "column": 18
          },
          "end": {
            "line": 22,
            "column": 19
          }
        },
        "loc": {
          "start": {
            "line": 22,
            "column": 24
          },
          "end": {
            "line": 77,
            "column": 1
          }
        },
        "line": 22
      },
      "1": {
        "name": "(anonymous_1)",
        "decl": {
          "start": {
            "line": 30,
            "column": 55
          },
          "end": {
            "line": 30,
            "column": 56
          }
        },
        "loc": {
          "start": {
            "line": 30,
            "column": 61
          },
          "end": {
            "line": 30,
            "column": 73
          }
        },
        "line": 30
      },
      "2": {
        "name": "(anonymous_2)",
        "decl": {
          "start": {
            "line": 78,
            "column": 53
          },
          "end": {
            "line": 78,
            "column": 54
          }
        },
        "loc": {
          "start": {
            "line": 78,
            "column": 64
          },
          "end": {
            "line": 80,
            "column": 1
          }
        },
        "line": 78
      },
      "3": {
        "name": "(anonymous_3)",
        "decl": {
          "start": {
            "line": 90,
            "column": 52
          },
          "end": {
            "line": 90,
            "column": 53
          }
        },
        "loc": {
          "start": {
            "line": 90,
            "column": 72
          },
          "end": {
            "line": 97,
            "column": 3
          }
        },
        "line": 90
      },
      "4": {
        "name": "(anonymous_4)",
        "decl": {
          "start": {
            "line": 92,
            "column": 27
          },
          "end": {
            "line": 92,
            "column": 28
          }
        },
        "loc": {
          "start": {
            "line": 92,
            "column": 44
          },
          "end": {
            "line": 96,
            "column": 5
          }
        },
        "line": 92
      }
    },
    "branchMap": {
      "0": {
        "loc": {
          "start": {
            "line": 3,
            "column": 20
          },
          "end": {
            "line": 3,
            "column": 97
          }
        },
        "type": "binary-expr",
        "locations": [
          {
            "start": {
              "line": 3,
              "column": 20
            },
            "end": {
              "line": 3,
              "column": 60
            }
          },
          {
            "start": {
              "line": 3,
              "column": 64
            },
            "end": {
              "line": 3,
              "column": 97
            }
          }
        ],
        "line": 3
      },
      "1": {
        "loc": {
          "start": {
            "line": 6,
            "column": 0
          },
          "end": {
            "line": 16,
            "column": 1
          }
        },
        "type": "if",
        "locations": [
          {
            "start": {
              "line": 6,
              "column": 0
            },
            "end": {
              "line": 16,
              "column": 1
            }
          },
          {
            "start": {},
            "end": {}
          }
        ],
        "line": 6
      },
      "2": {
        "loc": {
          "start": {
            "line": 6,
            "column": 4
          },
          "end": {
            "line": 6,
            "column": 35
          }
        },
        "type": "binary-expr",
        "locations": [
          {
            "start": {
              "line": 6,
              "column": 4
            },
            "end": {
              "line": 6,
              "column": 19
            }
          },
          {
            "start": {
              "line": 6,
              "column": 23
            },
            "end": {
              "line": 6,
              "column": 35
            }
          }
        ],
        "line": 6
      },
      "3": {
        "loc": {
          "start": {
            "line": 7,
            "column": 2
          },
          "end": {
            "line": 11,
            "column": 3
          }
        },
        "type": "if",
        "locations": [
          {
            "start": {
              "line": 7,
              "column": 2
            },
            "end": {
              "line": 11,
              "column": 3
            }
          },
          {
            "start": {},
            "end": {}
          }
        ],
        "line": 7
      },
      "4": {
        "loc": {
          "start": {
            "line": 85,
            "column": 0
          },
          "end": {
            "line": 88,
            "column": 1
          }
        },
        "type": "if",
        "locations": [
          {
            "start": {
              "line": 85,
              "column": 0
            },
            "end": {
              "line": 88,
              "column": 1
            }
          },
          {
            "start": {},
            "end": {}
          }
        ],
        "line": 85
      },
      "5": {
        "loc": {
          "start": {
            "line": 85,
            "column": 4
          },
          "end": {
            "line": 85,
            "column": 35
          }
        },
        "type": "binary-expr",
        "locations": [
          {
            "start": {
              "line": 85,
              "column": 4
            },
            "end": {
              "line": 85,
              "column": 19
            }
          },
          {
            "start": {
              "line": 85,
              "column": 23
            },
            "end": {
              "line": 85,
              "column": 35
            }
          }
        ],
        "line": 85
      },
      "6": {
        "loc": {
          "start": {
            "line": 89,
            "column": 0
          },
          "end": {
            "line": 98,
            "column": 1
          }
        },
        "type": "if",
        "locations": [
          {
            "start": {
              "line": 89,
              "column": 0
            },
            "end": {
              "line": 98,
              "column": 1
            }
          },
          {
            "start": {},
            "end": {}
          }
        ],
        "line": 89
      },
      "7": {
        "loc": {
          "start": {
            "line": 89,
            "column": 4
          },
          "end": {
            "line": 89,
            "column": 35
          }
        },
        "type": "binary-expr",
        "locations": [
          {
            "start": {
              "line": 89,
              "column": 4
            },
            "end": {
              "line": 89,
              "column": 19
            }
          },
          {
            "start": {
              "line": 89,
              "column": 23
            },
            "end": {
              "line": 89,
              "column": 35
            }
          }
        ],
        "line": 89
      },
      "8": {
        "loc": {
          "start": {
            "line": 93,
            "column": 6
          },
          "end": {
            "line": 93,
            "column": 31
          }
        },
        "type": "if",
        "locations": [
          {
            "start": {
              "line": 93,
              "column": 6
            },
            "end": {
              "line": 93,
              "column": 31
            }
          },
          {
            "start": {},
            "end": {}
          }
        ],
        "line": 93
      },
      "9": {
        "loc": {
          "start": {
            "line": 95,
            "column": 6
          },
          "end": {
            "line": 95,
            "column": 75
          }
        },
        "type": "if",
        "locations": [
          {
            "start": {
              "line": 95,
              "column": 6
            },
            "end": {
              "line": 95,
              "column": 75
            }
          },
          {
            "start": {},
            "end": {}
          }
        ],
        "line": 95
      }
    },
    "s": {
      "0": 6,
      "1": 6,
      "2": 6,
      "3": 0,
      "4": 6,
      "5": 6,
      "6": 6,
      "7": 6,
      "8": 6,
      "9": 6,
      "10": 4,
      "11": 4,
      "12": 4,
      "13": 4,
      "14": 4,
      "15": 4,
      "16": 1,
      "17": 6,
      "18": 2,
      "19": 6,
      "20": 6,
      "21": 6,
      "22": 6,
      "23": 6,
      "24": 6,
      "25": 6,
      "26": 6,
      "27": 6,
      "28": 0,
      "29": 0,
      "30": 0,
      "31": 0,
      "32": 0
    },
    "f": {
      "0": 4,
      "1": 1,
      "2": 2,
      "3": 6,
      "4": 0
    },
    "b": {
      "0": [
        6,
        0
      ],
      "1": [
        6,
        0
      ],
      "2": [
        6,
        6
      ],
      "3": [
        0,
        6
      ],
      "4": [
        6,
        0
      ],
      "5": [
        6,
        6
      ],
      "6": [
        6,
        0
      ],
      "7": [
        6,
        6
      ],
      "8": [
        0,
        0
      ],
      "9": [
        0,
        0
      ]
    },
    "inputSourceMap": {
      "version": 3,
      "mappings": "AAiB2H;;;;;;;;;;;;;;;;;AAjB3H,SAASA,uBAAuB;AAChC,SAASC,aAAaC,uBAAuB;AAC7C,OAAOC,WAAW;AAClB,OAAOC,mBAAmB;AAG1B,MAAMC,YAAYA,MAAM;AAAAC,KAAA;AACpB,QAAM,CAACC,YAAY,IAAIL,gBAAgB;AACvC,QAAMM,QAAQD,aAAaE,IAAI,OAAO;AACtC,QAAMC,cAAcH,aAAaE,IAAI,aAAa;AAClD,QAAME,WAAWV,YAAY;AAG7B,SACI,uBAAC,SAAI,WAAU,sCACX,iCAAC,SAAI,WAAU,uBACX;AAAA,2BAAC,SAAI,WAAU,gCACX;AAAA,6BAAC,iBAAc,SAAS,MAAMU,SAAS,EAAE,GAAG,WAAU,kDAAiD;AAAA,+BAAC,qBAAD;AAAA;AAAA;AAAA;AAAA,eAAgB;AAAA,QAAG;AAAA,WAA1H;AAAA;AAAA;AAAA;AAAA,aAA2H;AAAA,MAC3H,uBAAC,SAAM,kCAAP;AAAA;AAAA;AAAA;AAAA,aAAyB;AAAA,SAF7B;AAAA;AAAA;AAAA;AAAA,WAGC;AAAA,IACD,uBAAC,SAAI,WAAU,sCACX;AAAA,6BAAC,QAAG,WAAU,0CAA0CH,mBAAxD;AAAA;AAAA;AAAA;AAAA,aAA8D;AAAA,MAC9D,uBAAC,OAAE,WAAU,kBAAkBE,yBAA/B;AAAA;AAAA;AAAA;AAAA,aAA2C;AAAA,SAF/C;AAAA;AAAA;AAAA;AAAA,WAGA;AAAA,OARJ;AAAA;AAAA;AAAA;AAAA,SASA,KAVJ;AAAA;AAAA;AAAA;AAAA,SAWA;AAER;AAAEJ,GArBID,WAAS;AAAA,UACYH,iBAGND,WAAW;AAAA;AAAAW,KAJ1BP;AAuBN,eAAeA;AAAU,IAAAO;AAAAC,aAAAD,IAAA",
      "names": [
        "ChevronLeftIcon",
        "useNavigate",
        "useSearchParams",
        "Title",
        "GenericButton",
        "TaskPages",
        "_s",
        "searchParams",
        "title",
        "get",
        "description",
        "navigate",
        "_c",
        "$RefreshReg$"
      ],
      "ignoreList": [],
      "sources": [
        "/home/daniel/Documentos/aulas/react/em2horas/src/pages/taskPages.tsx"
      ],
      "file": "/home/daniel/Documentos/aulas/react/em2horas/src/pages/taskPages.tsx"
    },
    "_coverageSchema": "1a1c01bbd47fc00a2c39e90264f33305004495a9",
    "hash": "ba566430d769344dcc1743cd6c7b3fad62efb3b9"
  },
  "/home/daniel/Documentos/aulas/react/em2horas/src/main.tsx": {
    "path": "/home/daniel/Documentos/aulas/react/em2horas/src/main.tsx",
    "statementMap": {
      "0": {
        "start": {
          "line": 8,
          "column": 22
        },
        "end": {
          "line": 21,
          "column": 1
        }
      },
      "1": {
        "start": {
          "line": 22,
          "column": 0
        },
        "end": {
          "line": 32,
          "column": 2
        }
      }
    },
    "fnMap": {},
    "branchMap": {},
    "s": {
      "0": 6,
      "1": 6
    },
    "f": {},
    "b": {},
    "inputSourceMap": {
      "version": 3,
      "mappings": "AASyB;AATzB,SAASA,kBAAkB;AAC3B,SAASC,kBAAkB;AAC3B,OAAOC,SAAS;AAChB,OAAO;AACP,SAASC,qBAAqBC,sBAAsB;AACpD,OAAOC,eAAe;AAGtB,MAAMC,gBAAgBH;AAAAA,EAAoB;AAAA,IACxC,EAAEI,MAAM,MAAMC,SAAS,uBAAC,SAAD;AAAA;AAAA;AAAA;AAAA,WAAI,EAAI;AAAA,IAC/B,EAACD,MAAM,UAAUC,SAAS,uBAAC,eAAD;AAAA;AAAA;AAAA;AAAA,WAAU,EAAI;AAAA,EAAC;AAC1C;AAGDP,WAAWQ,SAASC,eAAe,MAAM,CAAE,EAAEC;AAAAA,EAC3C,uBAAC,cAEC,iCAAC,kBAAe,QAAQL,iBAAxB;AAAA;AAAA;AAAA;AAAA,SAAsC,KAFxC;AAAA;AAAA;AAAA;AAAA,SAGA;AACF",
      "names": [
        "StrictMode",
        "createRoot",
        "App",
        "createBrowserRouter",
        "RouterProvider",
        "TaskPages",
        "BrowserRouter",
        "path",
        "element",
        "document",
        "getElementById",
        "render"
      ],
      "ignoreList": [],
      "sources": [
        "/home/daniel/Documentos/aulas/react/em2horas/src/main.tsx"
      ],
      "file": "/home/daniel/Documentos/aulas/react/em2horas/src/main.tsx"
    },
    "_coverageSchema": "1a1c01bbd47fc00a2c39e90264f33305004495a9",
    "hash": "28c9d3bc053c4d8bdd8014acaf97f000cd092fed"
  }
}