<?xml version="1.0" encoding="UTF-8"?>
<coverage generated="1758913849133" clover="3.2.0">
  <project timestamp="1758913849133" name="All files">
    <metrics statements="57" coveredstatements="53" conditionals="9" coveredconditionals="5" methods="26" coveredmethods="23" elements="92" coveredelements="81" complexity="0" loc="57" ncloc="57" packages="3" files="8" classes="8"/>
    <package name="src">
      <metrics statements="19" coveredstatements="17" conditionals="4" coveredconditionals="2" methods="9" coveredmethods="7"/>
      <file name="App.tsx" path="/home/daniel/Documentos/aulas/react/em2horas/src/App.tsx">
        <metrics statements="17" coveredstatements="15" conditionals="4" coveredconditionals="2" methods="9" coveredmethods="7"/>
        <line num="16" count="6" type="stmt"/>
        <line num="17" count="26" type="stmt"/>
        <line num="18" count="26" type="stmt"/>
        <line num="20" count="14" type="stmt"/>
        <line num="21" count="14" type="cond" truecount="2" falsecount="0"/>
        <line num="24" count="26" type="stmt"/>
        <line num="25" count="20" type="stmt"/>
        <line num="29" count="26" type="stmt"/>
        <line num="43" count="0" type="cond" truecount="0" falsecount="2"/>
        <line num="45" count="0" type="stmt"/>
        <line num="49" count="1" type="stmt"/>
        <line num="50" count="1" type="stmt"/>
        <line num="55" count="5" type="stmt"/>
        <line num="61" count="5" type="stmt"/>
        <line num="66" count="26" type="stmt"/>
        <line num="75" count="6" type="stmt"/>
        <line num="77" count="6" type="stmt"/>
      </file>
      <file name="main.tsx" path="/home/daniel/Documentos/aulas/react/em2horas/src/main.tsx">
        <metrics statements="2" coveredstatements="2" conditionals="0" coveredconditionals="0" methods="0" coveredmethods="0"/>
        <line num="9" count="6" type="stmt"/>
        <line num="15" count="6" type="stmt"/>
      </file>
    </package>
    <package name="src.components">
      <metrics statements="29" coveredstatements="27" conditionals="5" coveredconditionals="3" methods="14" coveredmethods="13"/>
      <file name="AddTasks.js" path="/home/daniel/Documentos/aulas/react/em2horas/src/components/AddTasks.js">
        <metrics statements="11" coveredstatements="9" conditionals="3" coveredconditionals="2" methods="4" coveredmethods="4"/>
        <line num="5" count="556" type="stmt"/>
        <line num="6" count="556" type="stmt"/>
        <line num="7" count="556" type="stmt"/>
        <line num="8" count="556" type="stmt"/>
        <line num="9" count="5" type="cond" truecount="2" falsecount="1"/>
        <line num="10" count="0" type="stmt"/>
        <line num="11" count="0" type="stmt"/>
        <line num="13" count="5" type="stmt"/>
        <line num="15" count="556" type="stmt"/>
        <line num="16" count="6" type="stmt"/>
        <line num="17" count="6" type="stmt"/>
      </file>
      <file name="GenericButton.js" path="/home/daniel/Documentos/aulas/react/em2horas/src/components/GenericButton.js">
        <metrics statements="2" coveredstatements="2" conditionals="0" coveredconditionals="0" methods="1" coveredmethods="1"/>
        <line num="2" count="596" type="stmt"/>
        <line num="3" count="6" type="stmt"/>
      </file>
      <file name="InputTasks.js" path="/home/daniel/Documentos/aulas/react/em2horas/src/components/InputTasks.js">
        <metrics statements="4" coveredstatements="4" conditionals="0" coveredconditionals="0" methods="1" coveredmethods="1"/>
        <line num="2" count="6" type="stmt"/>
        <line num="3" count="1112" type="stmt"/>
        <line num="4" count="6" type="stmt"/>
        <line num="5" count="6" type="stmt"/>
      </file>
      <file name="Tasks.js" path="/home/daniel/Documentos/aulas/react/em2horas/src/components/Tasks.js">
        <metrics statements="8" coveredstatements="8" conditionals="2" coveredconditionals="1" methods="7" coveredmethods="6"/>
        <line num="5" count="26" type="stmt"/>
        <line num="6" count="26" type="stmt"/>
        <line num="7" count="26" type="stmt"/>
        <line num="8" count="2" type="stmt"/>
        <line num="12" count="2" type="stmt"/>
        <line num="14" count="26" type="cond" truecount="1" falsecount="1"/>
        <line num="15" count="6" type="stmt"/>
        <line num="16" count="6" type="stmt"/>
      </file>
      <file name="Title.js" path="/home/daniel/Documentos/aulas/react/em2horas/src/components/Title.js">
        <metrics statements="4" coveredstatements="4" conditionals="0" coveredconditionals="0" methods="1" coveredmethods="1"/>
        <line num="2" count="6" type="stmt"/>
        <line num="3" count="30" type="stmt"/>
        <line num="4" count="6" type="stmt"/>
        <line num="5" count="6" type="stmt"/>
      </file>
    </package>
    <package name="src.pages">
      <metrics statements="9" coveredstatements="9" conditionals="0" coveredconditionals="0" methods="3" coveredmethods="3"/>
      <file name="taskPages.tsx" path="/home/daniel/Documentos/aulas/react/em2horas/src/pages/taskPages.tsx">
        <metrics statements="9" coveredstatements="9" conditionals="0" coveredconditionals="0" methods="3" coveredmethods="3"/>
        <line num="7" count="6" type="stmt"/>
        <line num="8" count="4" type="stmt"/>
        <line num="9" count="4" type="stmt"/>
        <line num="10" count="4" type="stmt"/>
        <line num="11" count="6" type="stmt"/>
        <line num="14" count="4" type="stmt"/>
        <line num="18" count="1" type="stmt"/>
        <line num="28" count="6" type="stmt"/>
        <line num="30" count="6" type="stmt"/>
      </file>
    </package>
  </project>
</coverage>
