{"/home/daniel/Documentos/aulas/react/em2horas/src/App.tsx": {"path":"/home/daniel/Documentos/aulas/react/em2horas/src/App.tsx","statementMap":{"0":{"start":{"line":17,"column":0},"end":{"line":17,"column":null}},"1":{"start":{"line":18,"column":28},"end":{"line":22,"column":null}},"2":{"start":{"line":20,"column":26},"end":{"line":20,"column":null}},"3":{"start":{"line":21,"column":6},"end":{"line":21,"column":null}},"4":{"start":{"line":24,"column":2},"end":{"line":26,"column":null}},"5":{"start":{"line":25,"column":4},"end":{"line":25,"column":null}},"6":{"start":{"line":29,"column":2},"end":{"line":40,"column":null}},"7":{"start":{"line":43,"column":25},"end":{"line":44,"column":null}},"8":{"start":{"line":43,"column":42},"end":{"line":43,"column":107}},"9":{"start":{"line":45,"column":4},"end":{"line":45,"column":null}},"10":{"start":{"line":49,"column":24},"end":{"line":49,"column":null}},"11":{"start":{"line":49,"column":42},"end":{"line":49,"column":53}},"12":{"start":{"line":50,"column":4},"end":{"line":50,"column":null}},"13":{"start":{"line":55,"column":26},"end":{"line":60,"column":null}},"14":{"start":{"line":61,"column":4},"end":{"line":61,"column":null}},"15":{"start":{"line":66,"column":2},"end":{"line":73,"column":null}},"16":{"start":{"line":75,"column":1},"end":{"line":16,"column":null}},"17":{"start":{"line":16,"column":12},"end":{"line":null,"column":-1}},"18":{"start":{"line":77,"column":18},"end":{"line":77,"column":null}}},"fnMap":{"0":{"name":"App","decl":{"start":{"line":16,"column":9},"end":{"line":16,"column":12}},"loc":{"start":{"line":17,"column":0},"end":{"line":75,"column":1}}},"1":{"name":"(anonymous_1)","decl":{"start":{"line":19,"column":4},"end":{"line":19,"column":10}},"loc":{"start":{"line":19,"column":10},"end":{"line":22,"column":5}}},"2":{"name":"(anonymous_2)","decl":{"start":{"line":24,"column":12},"end":{"line":24,"column":18}},"loc":{"start":{"line":24,"column":18},"end":{"line":26,"column":5}}},"3":{"name":"(anonymous_3)","decl":{"start":{"line":29,"column":12},"end":{"line":29,"column":18}},"loc":{"start":{"line":29,"column":18},"end":{"line":31,"column":null}}},"4":{"name":"onTaskChecked","decl":{"start":{"line":42,"column":11},"end":{"line":42,"column":25}},"loc":{"start":{"line":42,"column":37},"end":{"line":46,"column":null}}},"5":{"name":"(anonymous_5)","decl":{"start":{"line":43,"column":35},"end":{"line":43,"column":40}},"loc":{"start":{"line":43,"column":40},"end":{"line":43,"column":null}}},"6":{"name":"onTaskDelete","decl":{"start":{"line":48,"column":11},"end":{"line":48,"column":24}},"loc":{"start":{"line":48,"column":36},"end":{"line":51,"column":null}}},"7":{"name":"(anonymous_7)","decl":{"start":{"line":49,"column":37},"end":{"line":49,"column":42}},"loc":{"start":{"line":49,"column":42},"end":{"line":49,"column":53}}},"8":{"name":"onTaskAdd","decl":{"start":{"line":53,"column":11},"end":{"line":53,"column":21}},"loc":{"start":{"line":53,"column":57},"end":{"line":62,"column":null}}}},"branchMap":{"0":{"loc":{"start":{"line":21,"column":13},"end":{"line":21,"column":null}},"type":"cond-expr","locations":[{"start":{"line":21,"column":27},"end":{"line":21,"column":53}},{"start":{"line":21,"column":53},"end":{"line":21,"column":null}}]},"1":{"loc":{"start":{"line":43,"column":50},"end":{"line":43,"column":107}},"type":"cond-expr","locations":[{"start":{"line":43,"column":65},"end":{"line":43,"column":105}},{"start":{"line":43,"column":105},"end":{"line":43,"column":107}}]}},"s":{"0":26,"1":26,"2":14,"3":14,"4":26,"5":20,"6":26,"7":0,"8":0,"9":0,"10":1,"11":1,"12":1,"13":5,"14":5,"15":26,"16":6,"17":6,"18":6},"f":{"0":26,"1":14,"2":20,"3":14,"4":0,"5":0,"6":1,"7":1,"8":5},"b":{"0":[2,12],"1":[0,0]}}
,"/home/daniel/Documentos/aulas/react/em2horas/src/main.tsx": {"path":"/home/daniel/Documentos/aulas/react/em2horas/src/main.tsx","statementMap":{"0":{"start":{"line":9,"column":22},"end":{"line":12,"column":null}},"1":{"start":{"line":15,"column":0},"end":{"line":20,"column":null}}},"fnMap":{},"branchMap":{},"s":{"0":6,"1":6},"f":{},"b":{}}
,"/home/daniel/Documentos/aulas/react/em2horas/src/components/AddTasks.tsx": {"path":"/home/daniel/Documentos/aulas/react/em2horas/src/components/AddTasks.tsx","statementMap":{"0":{"start":{"line":11,"column":21},"end":{"line":31,"column":1}},"1":{"start":{"line":11,"column":53},"end":{"line":11,"column":null}},"2":{"start":{"line":12,"column":34},"end":{"line":12,"column":null}},"3":{"start":{"line":13,"column":46},"end":{"line":13,"column":null}},"4":{"start":{"line":16,"column":23},"end":{"line":22,"column":null}},"5":{"start":{"line":17,"column":8},"end":{"line":20,"column":null}},"6":{"start":{"line":18,"column":12},"end":{"line":18,"column":null}},"7":{"start":{"line":19,"column":12},"end":{"line":19,"column":null}},"8":{"start":{"line":21,"column":8},"end":{"line":21,"column":null}},"9":{"start":{"line":24,"column":4},"end":{"line":29,"column":null}},"10":{"start":{"line":26,"column":79},"end":{"line":26,"column":104}},"11":{"start":{"line":27,"column":88},"end":{"line":27,"column":119}},"12":{"start":{"line":31,"column":1},"end":{"line":11,"column":21}},"13":{"start":{"line":11,"column":18},"end":{"line":null,"column":-1}},"14":{"start":{"line":32,"column":23},"end":{"line":32,"column":null}}},"fnMap":{"0":{"name":"(anonymous_0)","decl":{"start":{"line":11,"column":21},"end":{"line":11,"column":22}},"loc":{"start":{"line":11,"column":53},"end":{"line":31,"column":1}}},"1":{"name":"(anonymous_1)","decl":{"start":{"line":16,"column":23},"end":{"line":16,"column":29}},"loc":{"start":{"line":16,"column":29},"end":{"line":22,"column":null}}},"2":{"name":"(anonymous_2)","decl":{"start":{"line":26,"column":74},"end":{"line":26,"column":79}},"loc":{"start":{"line":26,"column":79},"end":{"line":26,"column":104}}},"3":{"name":"(anonymous_3)","decl":{"start":{"line":27,"column":83},"end":{"line":27,"column":88}},"loc":{"start":{"line":27,"column":88},"end":{"line":27,"column":119}}}},"branchMap":{"0":{"loc":{"start":{"line":17,"column":8},"end":{"line":20,"column":null}},"type":"if","locations":[{"start":{"line":17,"column":8},"end":{"line":20,"column":null}}]},"1":{"loc":{"start":{"line":17,"column":12},"end":{"line":17,"column":62}},"type":"binary-expr","locations":[{"start":{"line":17,"column":12},"end":{"line":17,"column":35}},{"start":{"line":17,"column":35},"end":{"line":17,"column":62}}]}},"s":{"0":6,"1":556,"2":556,"3":556,"4":556,"5":5,"6":0,"7":0,"8":5,"9":556,"10":65,"11":200,"12":6,"13":6,"14":6},"f":{"0":556,"1":5,"2":65,"3":200},"b":{"0":[0],"1":[5,5]}}
,"/home/daniel/Documentos/aulas/react/em2horas/src/components/GenericButton.tsx": {"path":"/home/daniel/Documentos/aulas/react/em2horas/src/components/GenericButton.tsx","statementMap":{"0":{"start":{"line":9,"column":52},"end":{"line":12,"column":null}},"1":{"start":{"line":10,"column":4},"end":{"line":12,"column":null}},"2":{"start":{"line":13,"column":2},"end":{"line":9,"column":52}},"3":{"start":{"line":15,"column":29},"end":{"line":15,"column":null}}},"fnMap":{"0":{"name":"(anonymous_0)","decl":{"start":{"line":9,"column":52},"end":{"line":9,"column":53}},"loc":{"start":{"line":10,"column":4},"end":{"line":12,"column":null}}}},"branchMap":{},"s":{"0":6,"1":596,"2":6,"3":6},"f":{"0":596},"b":{}}
,"/home/daniel/Documentos/aulas/react/em2horas/src/components/InputTasks.tsx": {"path":"/home/daniel/Documentos/aulas/react/em2horas/src/components/InputTasks.tsx","statementMap":{"0":{"start":{"line":9,"column":19},"end":{"line":13,"column":2}},"1":{"start":{"line":10,"column":4},"end":{"line":11,"column":null}},"2":{"start":{"line":13,"column":2},"end":{"line":9,"column":19}},"3":{"start":{"line":15,"column":26},"end":{"line":15,"column":null}}},"fnMap":{"0":{"name":"(anonymous_0)","decl":{"start":{"line":9,"column":19},"end":{"line":9,"column":20}},"loc":{"start":{"line":9,"column":51},"end":{"line":13,"column":2}}}},"branchMap":{},"s":{"0":6,"1":1112,"2":6,"3":6},"f":{"0":1112},"b":{}}
,"/home/daniel/Documentos/aulas/react/em2horas/src/components/Tasks.tsx": {"path":"/home/daniel/Documentos/aulas/react/em2horas/src/components/Tasks.tsx","statementMap":{"0":{"start":{"line":12,"column":14},"end":{"line":33,"column":2}},"1":{"start":{"line":12,"column":70},"end":{"line":12,"column":null}},"2":{"start":{"line":13,"column":21},"end":{"line":13,"column":null}},"3":{"start":{"line":14,"column":27},"end":{"line":20,"column":null}},"4":{"start":{"line":15,"column":28},"end":{"line":18,"column":null}},"5":{"start":{"line":19,"column":8},"end":{"line":19,"column":null}},"6":{"start":{"line":22,"column":6},"end":{"line":31,"column":null}},"7":{"start":{"line":25,"column":16},"end":{"line":29,"column":null}},"8":{"start":{"line":26,"column":50},"end":{"line":26,"column":71}},"9":{"start":{"line":27,"column":50},"end":{"line":27,"column":72}},"10":{"start":{"line":28,"column":50},"end":{"line":28,"column":70}},"11":{"start":{"line":33,"column":2},"end":{"line":13,"column":33}},"12":{"start":{"line":12,"column":11},"end":{"line":13,"column":33}},"13":{"start":{"line":13,"column":32},"end":{"line":12,"column":11}},"14":{"start":{"line":35,"column":21},"end":{"line":35,"column":null}}},"fnMap":{"0":{"name":"(anonymous_0)","decl":{"start":{"line":12,"column":14},"end":{"line":12,"column":15}},"loc":{"start":{"line":12,"column":70},"end":{"line":33,"column":2}}},"1":{"name":"(anonymous_1)","decl":{"start":{"line":14,"column":27},"end":{"line":14,"column":28}},"loc":{"start":{"line":14,"column":43},"end":{"line":20,"column":null}}},"2":{"name":"(anonymous_2)","decl":{"start":{"line":24,"column":23},"end":{"line":24,"column":24}},"loc":{"start":{"line":25,"column":16},"end":{"line":29,"column":null}}},"3":{"name":"(anonymous_3)","decl":{"start":{"line":26,"column":44},"end":{"line":26,"column":50}},"loc":{"start":{"line":26,"column":50},"end":{"line":26,"column":71}}},"4":{"name":"(anonymous_4)","decl":{"start":{"line":27,"column":44},"end":{"line":27,"column":50}},"loc":{"start":{"line":27,"column":50},"end":{"line":27,"column":72}}},"5":{"name":"(anonymous_5)","decl":{"start":{"line":28,"column":44},"end":{"line":28,"column":50}},"loc":{"start":{"line":28,"column":50},"end":{"line":28,"column":70}}},"6":{"name":"(anonymous_6)","decl":{"start":{"line":12,"column":11},"end":{"line":12,"column":14}},"loc":{"start":{"line":12,"column":11},"end":{"line":13,"column":33}}}},"branchMap":{"0":{"loc":{"start":{"line":26,"column":138},"end":{"line":26,"column":172}},"type":"binary-expr","locations":[{"start":{"line":26,"column":138},"end":{"line":26,"column":158}},{"start":{"line":26,"column":158},"end":{"line":26,"column":172}}]}},"s":{"0":6,"1":26,"2":26,"3":26,"4":2,"5":2,"6":26,"7":12,"8":0,"9":2,"10":1,"11":6,"12":6,"13":6,"14":6},"f":{"0":26,"1":2,"2":12,"3":0,"4":2,"5":1,"6":6},"b":{"0":[12,0]}}
,"/home/daniel/Documentos/aulas/react/em2horas/src/components/Title.tsx": {"path":"/home/daniel/Documentos/aulas/react/em2horas/src/components/Title.tsx","statementMap":{"0":{"start":{"line":9,"column":35},"end":{"line":11,"column":1}},"1":{"start":{"line":10,"column":4},"end":{"line":10,"column":null}},"2":{"start":{"line":11,"column":1},"end":{"line":9,"column":35}},"3":{"start":{"line":13,"column":20},"end":{"line":13,"column":null}}},"fnMap":{"0":{"name":"(anonymous_0)","decl":{"start":{"line":9,"column":35},"end":{"line":9,"column":36}},"loc":{"start":{"line":9,"column":72},"end":{"line":11,"column":1}}}},"branchMap":{},"s":{"0":6,"1":30,"2":6,"3":6},"f":{"0":30},"b":{}}
,"/home/daniel/Documentos/aulas/react/em2horas/src/pages/taskPages.tsx": {"path":"/home/daniel/Documentos/aulas/react/em2horas/src/pages/taskPages.tsx","statementMap":{"0":{"start":{"line":7,"column":18},"end":{"line":28,"column":2}},"1":{"start":{"line":7,"column":24},"end":{"line":7,"column":null}},"2":{"start":{"line":8,"column":27},"end":{"line":8,"column":null}},"3":{"start":{"line":9,"column":18},"end":{"line":9,"column":null}},"4":{"start":{"line":10,"column":24},"end":{"line":10,"column":null}},"5":{"start":{"line":11,"column":21},"end":{"line":11,"column":null}},"6":{"start":{"line":14,"column":4},"end":{"line":26,"column":null}},"7":{"start":{"line":18,"column":50},"end":{"line":18,"column":64}},"8":{"start":{"line":28,"column":2},"end":{"line":11,"column":33}},"9":{"start":{"line":7,"column":15},"end":{"line":11,"column":33}},"10":{"start":{"line":11,"column":32},"end":{"line":7,"column":15}},"11":{"start":{"line":30,"column":25},"end":{"line":30,"column":null}}},"fnMap":{"0":{"name":"(anonymous_0)","decl":{"start":{"line":7,"column":18},"end":{"line":7,"column":24}},"loc":{"start":{"line":7,"column":24},"end":{"line":28,"column":2}}},"1":{"name":"(anonymous_1)","decl":{"start":{"line":18,"column":44},"end":{"line":18,"column":50}},"loc":{"start":{"line":18,"column":50},"end":{"line":18,"column":64}}},"2":{"name":"(anonymous_2)","decl":{"start":{"line":7,"column":15},"end":{"line":7,"column":18}},"loc":{"start":{"line":7,"column":15},"end":{"line":11,"column":33}}}},"branchMap":{},"s":{"0":6,"1":4,"2":4,"3":4,"4":4,"5":4,"6":4,"7":1,"8":6,"9":2,"10":6,"11":6},"f":{"0":4,"1":1,"2":2},"b":{}}
}
