TN:
SF:src/App.tsx
FN:16,App
FN:19,(anonymous_1)
FN:24,(anonymous_2)
FN:29,(anonymous_3)
FN:42,onTaskChecked
FN:43,(anonymous_5)
FN:48,onTaskDelete
FN:49,(anonymous_7)
FN:53,onTaskAdd
FNF:9
FNH:7
FNDA:26,App
FNDA:14,(anonymous_1)
FNDA:20,(anonymous_2)
FNDA:14,(anonymous_3)
FNDA:0,onTaskChecked
FNDA:0,(anonymous_5)
FNDA:1,onTaskDelete
FNDA:1,(anonymous_7)
FNDA:5,onTaskAdd
DA:16,6
DA:17,26
DA:18,26
DA:20,14
DA:21,14
DA:24,26
DA:25,20
DA:29,26
DA:43,0
DA:45,0
DA:49,1
DA:50,1
DA:55,5
DA:61,5
DA:66,26
DA:75,6
DA:77,6
LF:17
LH:15
BRDA:21,0,0,2
BRDA:21,0,1,12
BRDA:43,1,0,0
BRDA:43,1,1,0
BRF:4
BRH:2
end_of_record
TN:
SF:src/main.tsx
FNF:0
FNH:0
DA:9,6
DA:15,6
LF:2
LH:2
BRF:0
BRH:0
end_of_record
TN:
SF:src/components/AddTasks.js
FN:5,(anonymous_0)
FN:8,(anonymous_1)
FN:15,(anonymous_2)
FN:15,(anonymous_3)
FNF:4
FNH:4
FNDA:556,(anonymous_0)
FNDA:5,(anonymous_1)
FNDA:65,(anonymous_2)
FNDA:200,(anonymous_3)
DA:5,556
DA:6,556
DA:7,556
DA:8,556
DA:9,5
DA:10,0
DA:11,0
DA:13,5
DA:15,556
DA:16,6
DA:17,6
LF:11
LH:9
BRDA:9,0,0,0
BRDA:9,1,0,5
BRDA:9,1,1,5
BRF:3
BRH:2
end_of_record
TN:
SF:src/components/GenericButton.js
FN:2,(anonymous_0)
FNF:1
FNH:1
FNDA:596,(anonymous_0)
DA:2,596
DA:3,6
LF:2
LH:2
BRF:0
BRH:0
end_of_record
TN:
SF:src/components/InputTasks.js
FN:2,(anonymous_0)
FNF:1
FNH:1
FNDA:1112,(anonymous_0)
DA:2,6
DA:3,1112
DA:4,6
DA:5,6
LF:4
LH:4
BRF:0
BRH:0
end_of_record
TN:
SF:src/components/Tasks.js
FN:5,(anonymous_0)
FN:7,(anonymous_1)
FN:14,(anonymous_2)
FN:14,(anonymous_3)
FN:14,(anonymous_4)
FN:14,(anonymous_5)
FN:5,(anonymous_6)
FNF:7
FNH:6
FNDA:26,(anonymous_0)
FNDA:2,(anonymous_1)
FNDA:12,(anonymous_2)
FNDA:0,(anonymous_3)
FNDA:2,(anonymous_4)
FNDA:1,(anonymous_5)
FNDA:6,(anonymous_6)
DA:5,26
DA:6,26
DA:7,26
DA:8,2
DA:12,2
DA:14,26
DA:15,6
DA:16,6
LF:8
LH:8
BRDA:14,0,0,12
BRDA:14,0,1,0
BRF:2
BRH:1
end_of_record
TN:
SF:src/components/Title.js
FN:2,(anonymous_0)
FNF:1
FNH:1
FNDA:30,(anonymous_0)
DA:2,6
DA:3,30
DA:4,6
DA:5,6
LF:4
LH:4
BRF:0
BRH:0
end_of_record
TN:
SF:src/pages/taskPages.tsx
FN:7,(anonymous_0)
FN:18,(anonymous_1)
FN:7,(anonymous_2)
FNF:3
FNH:3
FNDA:4,(anonymous_0)
FNDA:1,(anonymous_1)
FNDA:2,(anonymous_2)
DA:7,6
DA:8,4
DA:9,4
DA:10,4
DA:11,6
DA:14,4
DA:18,1
DA:28,6
DA:30,6
LF:9
LH:9
BRF:0
BRH:0
end_of_record
